Determining if the pthread_create exist failed with the following output:
Change Dir: /home/jasper/flap_ws/build/custommsg/CMakeFiles/CMakeTmp

Run Build Command:"/usr/bin/make" "cmTC_c7755/fast"
/usr/bin/make -f CMakeFiles/cmTC_c7755.dir/build.make CMakeFiles/cmTC_c7755.dir/build
make[1]: Entering directory '/home/jasper/flap_ws/build/custommsg/CMakeFiles/CMakeTmp'
Building C object CMakeFiles/cmTC_c7755.dir/CheckSymbolExists.c.o
/usr/bin/cc    -o CMakeFiles/cmTC_c7755.dir/CheckSymbolExists.c.o   -c /home/jasper/flap_ws/build/custommsg/CMakeFiles/CMakeTmp/CheckSymbolExists.c
Linking C executable cmTC_c7755
/usr/bin/cmake -E cmake_link_script CMakeFiles/cmTC_c7755.dir/link.txt --verbose=1
/usr/bin/cc      -rdynamic CMakeFiles/cmTC_c7755.dir/CheckSymbolExists.c.o  -o cmTC_c7755 
CMakeFiles/cmTC_c7755.dir/CheckSymbolExists.c.o: In function `main':
CheckSymbolExists.c:(.text+0x1b): undefined reference to `pthread_create'
collect2: error: ld returned 1 exit status
CMakeFiles/cmTC_c7755.dir/build.make:97: recipe for target 'cmTC_c7755' failed
make[1]: *** [cmTC_c7755] Error 1
make[1]: Leaving directory '/home/jasper/flap_ws/build/custommsg/CMakeFiles/CMakeTmp'
Makefile:126: recipe for target 'cmTC_c7755/fast' failed
make: *** [cmTC_c7755/fast] Error 2

File /home/jasper/flap_ws/build/custommsg/CMakeFiles/CMakeTmp/CheckSymbolExists.c:
/* */
#include <pthread.h>

int main(int argc, char** argv)
{
  (void)argv;
#ifndef pthread_create
  return ((int*)(&pthread_create))[argc];
#else
  (void)argc;
  return 0;
#endif
}

Determining if the function pthread_create exists in the pthreads failed with the following output:
Change Dir: /home/jasper/flap_ws/build/custommsg/CMakeFiles/CMakeTmp

Run Build Command:"/usr/bin/make" "cmTC_6dafd/fast"
/usr/bin/make -f CMakeFiles/cmTC_6dafd.dir/build.make CMakeFiles/cmTC_6dafd.dir/build
make[1]: Entering directory '/home/jasper/flap_ws/build/custommsg/CMakeFiles/CMakeTmp'
Building C object CMakeFiles/cmTC_6dafd.dir/CheckFunctionExists.c.o
/usr/bin/cc   -DCHECK_FUNCTION_EXISTS=pthread_create   -o CMakeFiles/cmTC_6dafd.dir/CheckFunctionExists.c.o   -c /usr/share/cmake-3.10/Modules/CheckFunctionExists.c
Linking C executable cmTC_6dafd
/usr/bin/cmake -E cmake_link_script CMakeFiles/cmTC_6dafd.dir/link.txt --verbose=1
/usr/bin/cc  -DCHECK_FUNCTION_EXISTS=pthread_create    -rdynamic CMakeFiles/cmTC_6dafd.dir/CheckFunctionExists.c.o  -o cmTC_6dafd -lpthreads 
/usr/bin/ld: cannot find -lpthreads
collect2: error: ld returned 1 exit status
CMakeFiles/cmTC_6dafd.dir/build.make:97: recipe for target 'cmTC_6dafd' failed
make[1]: *** [cmTC_6dafd] Error 1
make[1]: Leaving directory '/home/jasper/flap_ws/build/custommsg/CMakeFiles/CMakeTmp'
Makefile:126: recipe for target 'cmTC_6dafd/fast' failed
make: *** [cmTC_6dafd/fast] Error 2


