[35m[1mScanning dependencies of target _rosserial_msgs_generate_messages_check_deps_TopicInfo[0m
[35m[1mScanning dependencies of target _rosserial_msgs_generate_messages_check_deps_RequestParam[0m
[35m[1mScanning dependencies of target _rosserial_msgs_generate_messages_check_deps_Log[0m
[  0%] Built target _rosserial_msgs_generate_messages_check_deps_TopicInfo
[  0%] Built target _rosserial_msgs_generate_messages_check_deps_Log
[  0%] Built target _rosserial_msgs_generate_messages_check_deps_RequestParam
[35m[1mScanning dependencies of target rosserial_msgs_generate_messages_eus[0m
[35m[1mScanning dependencies of target rosserial_msgs_generate_messages_cpp[0m
[35m[1mScanning dependencies of target rosserial_msgs_generate_messages_lisp[0m
[35m[1mScanning dependencies of target rosserial_msgs_generate_messages_py[0m
[35m[1mScanning dependencies of target rosserial_msgs_generate_messages_nodejs[0m
[  5%] [34m[1mGenerating Lisp code from rosserial_msgs/TopicInfo.msg[0m
[ 11%] [34m[1mGenerating Lisp code from rosserial_msgs/Log.msg[0m
[ 16%] [34m[1mGenerating Lisp code from rosserial_msgs/RequestParam.srv[0m
[ 27%] [34m[1mGenerating C++ code from rosserial_msgs/Log.msg[0m
[ 27%] [34m[1mGenerating EusLisp code from rosserial_msgs/Log.msg[0m
[ 33%] [34m[1mGenerating Javascript code from rosserial_msgs/Log.msg[0m
[ 38%] [34m[1mGenerating Python from MSG rosserial_msgs/Log[0m
[ 44%] [34m[1mGenerating Python from MSG rosserial_msgs/TopicInfo[0m
[ 55%] [34m[1mGenerating Javascript code from rosserial_msgs/TopicInfo.msg[0m
[ 55%] [34m[1mGenerating Javascript code from rosserial_msgs/RequestParam.srv[0m
[ 61%] [34m[1mGenerating Python code from SRV rosserial_msgs/RequestParam[0m
[ 66%] Built target rosserial_msgs_generate_messages_nodejs
[ 66%] Built target rosserial_msgs_generate_messages_lisp
[ 66%] [34m[1mGenerating EusLisp code from rosserial_msgs/TopicInfo.msg[0m
[ 72%] [34m[1mGenerating EusLisp code from rosserial_msgs/RequestParam.srv[0m
[ 77%] [34m[1mGenerating C++ code from rosserial_msgs/TopicInfo.msg[0m
[ 83%] [34m[1mGenerating EusLisp manifest code for rosserial_msgs[0m
[ 88%] [34m[1mGenerating C++ code from rosserial_msgs/RequestParam.srv[0m
[ 94%] [34m[1mGenerating Python msg __init__.py for rosserial_msgs[0m
[100%] [34m[1mGenerating Python srv __init__.py for rosserial_msgs[0m
[100%] Built target rosserial_msgs_generate_messages_py
[100%] Built target rosserial_msgs_generate_messages_cpp
[100%] Built target rosserial_msgs_generate_messages_eus
[35m[1mScanning dependencies of target rosserial_msgs_generate_messages[0m
[100%] Built target rosserial_msgs_generate_messages
