Symlinking /home/jasper/flap_ws/devel/share/common-lisp/ros/custommsg/msg/ppmchnls.lisp
Symlinking /home/jasper/flap_ws/devel/share/common-lisp/ros/custommsg/msg/_package_kinematicstamped.lisp
Symlinking /home/jasper/flap_ws/devel/share/common-lisp/ros/custommsg/msg/_package_ppmchnls.lisp
Symlinking /home/jasper/flap_ws/devel/share/common-lisp/ros/custommsg/msg/custommsg-msg.asd
Symlinking /home/jasper/flap_ws/devel/share/common-lisp/ros/custommsg/msg/kinematicstamped.lisp
Symlinking /home/jasper/flap_ws/devel/share/common-lisp/ros/custommsg/msg/_package.lisp
Symlinking /home/jasper/flap_ws/devel/share/roseus/ros/custommsg/manifest.l
Symlinking /home/jasper/flap_ws/devel/share/roseus/ros/custommsg/msg/kinematicstamped.l
Symlinking /home/jasper/flap_ws/devel/share/roseus/ros/custommsg/msg/ppmchnls.l
Symlinking /home/jasper/flap_ws/devel/share/gennodejs/ros/custommsg/_index.js
Symlinking /home/jasper/flap_ws/devel/share/gennodejs/ros/custommsg/msg/_index.js
Symlinking /home/jasper/flap_ws/devel/share/gennodejs/ros/custommsg/msg/ppmchnls.js
Symlinking /home/jasper/flap_ws/devel/share/gennodejs/ros/custommsg/msg/kinematicstamped.js
Symlinking /home/jasper/flap_ws/devel/share/custommsg/cmake/custommsgConfig-version.cmake
Symlinking /home/jasper/flap_ws/devel/share/custommsg/cmake/custommsg-msg-extras.cmake
Symlinking /home/jasper/flap_ws/devel/share/custommsg/cmake/custommsgConfig.cmake
Symlinking /home/jasper/flap_ws/devel/share/custommsg/cmake/custommsg-msg-paths.cmake
Symlinking /home/jasper/flap_ws/devel/include/custommsg/ppmchnls.h
Symlinking /home/jasper/flap_ws/devel/include/custommsg/kinematicstamped.h
Symlinking /home/jasper/flap_ws/devel/lib/pkgconfig/custommsg.pc
Symlinking /home/jasper/flap_ws/devel/lib/python2.7/dist-packages/custommsg/__init__.py
Symlinking /home/jasper/flap_ws/devel/lib/python2.7/dist-packages/custommsg/msg/__init__.py
Symlinking /home/jasper/flap_ws/devel/lib/python2.7/dist-packages/custommsg/msg/_ppmchnls.py
Symlinking /home/jasper/flap_ws/devel/lib/python2.7/dist-packages/custommsg/msg/_kinematicstamped.py
