Linked: (/home/jasper/flap_ws/devel/.private/custommsg/share/common-lisp/ros/custommsg/msg/ppmchnls.lisp, /home/jasper/flap_ws/devel/share/common-lisp/ros/custommsg/msg/ppmchnls.lisp)
Linked: (/home/jasper/flap_ws/devel/.private/custommsg/share/common-lisp/ros/custommsg/msg/_package_kinematicstamped.lisp, /home/jasper/flap_ws/devel/share/common-lisp/ros/custommsg/msg/_package_kinematicstamped.lisp)
Linked: (/home/jasper/flap_ws/devel/.private/custommsg/share/common-lisp/ros/custommsg/msg/_package_ppmchnls.lisp, /home/jasper/flap_ws/devel/share/common-lisp/ros/custommsg/msg/_package_ppmchnls.lisp)
Linked: (/home/jasper/flap_ws/devel/.private/custommsg/share/common-lisp/ros/custommsg/msg/custommsg-msg.asd, /home/jasper/flap_ws/devel/share/common-lisp/ros/custommsg/msg/custommsg-msg.asd)
Linked: (/home/jasper/flap_ws/devel/.private/custommsg/share/common-lisp/ros/custommsg/msg/kinematicstamped.lisp, /home/jasper/flap_ws/devel/share/common-lisp/ros/custommsg/msg/kinematicstamped.lisp)
Linked: (/home/jasper/flap_ws/devel/.private/custommsg/share/common-lisp/ros/custommsg/msg/_package.lisp, /home/jasper/flap_ws/devel/share/common-lisp/ros/custommsg/msg/_package.lisp)
Linked: (/home/jasper/flap_ws/devel/.private/custommsg/share/roseus/ros/custommsg/manifest.l, /home/jasper/flap_ws/devel/share/roseus/ros/custommsg/manifest.l)
Linked: (/home/jasper/flap_ws/devel/.private/custommsg/share/roseus/ros/custommsg/msg/kinematicstamped.l, /home/jasper/flap_ws/devel/share/roseus/ros/custommsg/msg/kinematicstamped.l)
Linked: (/home/jasper/flap_ws/devel/.private/custommsg/share/roseus/ros/custommsg/msg/ppmchnls.l, /home/jasper/flap_ws/devel/share/roseus/ros/custommsg/msg/ppmchnls.l)
Linked: (/home/jasper/flap_ws/devel/.private/custommsg/share/gennodejs/ros/custommsg/_index.js, /home/jasper/flap_ws/devel/share/gennodejs/ros/custommsg/_index.js)
Linked: (/home/jasper/flap_ws/devel/.private/custommsg/share/gennodejs/ros/custommsg/msg/_index.js, /home/jasper/flap_ws/devel/share/gennodejs/ros/custommsg/msg/_index.js)
Linked: (/home/jasper/flap_ws/devel/.private/custommsg/share/gennodejs/ros/custommsg/msg/ppmchnls.js, /home/jasper/flap_ws/devel/share/gennodejs/ros/custommsg/msg/ppmchnls.js)
Linked: (/home/jasper/flap_ws/devel/.private/custommsg/share/gennodejs/ros/custommsg/msg/kinematicstamped.js, /home/jasper/flap_ws/devel/share/gennodejs/ros/custommsg/msg/kinematicstamped.js)
Linked: (/home/jasper/flap_ws/devel/.private/custommsg/share/custommsg/cmake/custommsgConfig-version.cmake, /home/jasper/flap_ws/devel/share/custommsg/cmake/custommsgConfig-version.cmake)
Linked: (/home/jasper/flap_ws/devel/.private/custommsg/share/custommsg/cmake/custommsg-msg-extras.cmake, /home/jasper/flap_ws/devel/share/custommsg/cmake/custommsg-msg-extras.cmake)
Linked: (/home/jasper/flap_ws/devel/.private/custommsg/share/custommsg/cmake/custommsgConfig.cmake, /home/jasper/flap_ws/devel/share/custommsg/cmake/custommsgConfig.cmake)
Linked: (/home/jasper/flap_ws/devel/.private/custommsg/share/custommsg/cmake/custommsg-msg-paths.cmake, /home/jasper/flap_ws/devel/share/custommsg/cmake/custommsg-msg-paths.cmake)
Linked: (/home/jasper/flap_ws/devel/.private/custommsg/include/custommsg/ppmchnls.h, /home/jasper/flap_ws/devel/include/custommsg/ppmchnls.h)
Linked: (/home/jasper/flap_ws/devel/.private/custommsg/include/custommsg/kinematicstamped.h, /home/jasper/flap_ws/devel/include/custommsg/kinematicstamped.h)
Linked: (/home/jasper/flap_ws/devel/.private/custommsg/lib/pkgconfig/custommsg.pc, /home/jasper/flap_ws/devel/lib/pkgconfig/custommsg.pc)
Linked: (/home/jasper/flap_ws/devel/.private/custommsg/lib/python2.7/dist-packages/custommsg/__init__.py, /home/jasper/flap_ws/devel/lib/python2.7/dist-packages/custommsg/__init__.py)
Linked: (/home/jasper/flap_ws/devel/.private/custommsg/lib/python2.7/dist-packages/custommsg/msg/__init__.py, /home/jasper/flap_ws/devel/lib/python2.7/dist-packages/custommsg/msg/__init__.py)
Linked: (/home/jasper/flap_ws/devel/.private/custommsg/lib/python2.7/dist-packages/custommsg/msg/_ppmchnls.py, /home/jasper/flap_ws/devel/lib/python2.7/dist-packages/custommsg/msg/_ppmchnls.py)
Linked: (/home/jasper/flap_ws/devel/.private/custommsg/lib/python2.7/dist-packages/custommsg/msg/_kinematicstamped.py, /home/jasper/flap_ws/devel/lib/python2.7/dist-packages/custommsg/msg/_kinematicstamped.py)
