[35m[1mScanning dependencies of target _custommsg_generate_messages_check_deps_kinematicstamped[0m
[35m[1mScanning dependencies of target geometry_msgs_generate_messages_py[0m
[35m[1mScanning dependencies of target std_msgs_generate_messages_lisp[0m
[35m[1mScanning dependencies of target geometry_msgs_generate_messages_nodejs[0m
[35m[1mScanning dependencies of target _custommsg_generate_messages_check_deps_ppmchnls[0m
[35m[1mScanning dependencies of target std_msgs_generate_messages_py[0m
[35m[1mScanning dependencies of target std_msgs_generate_messages_nodejs[0m
[35m[1mScanning dependencies of target geometry_msgs_generate_messages_lisp[0m
[  0%] Built target geometry_msgs_generate_messages_py
[  0%] Built target std_msgs_generate_messages_lisp
[  0%] Built target geometry_msgs_generate_messages_nodejs
[  0%] Built target std_msgs_generate_messages_nodejs
[  0%] Built target std_msgs_generate_messages_py
[  0%] Built target geometry_msgs_generate_messages_lisp
[35m[1mScanning dependencies of target std_msgs_generate_messages_cpp[0m
[35m[1mScanning dependencies of target geometry_msgs_generate_messages_cpp[0m
[  0%] Built target _custommsg_generate_messages_check_deps_kinematicstamped
[35m[1mScanning dependencies of target std_msgs_generate_messages_eus[0m
[35m[1mScanning dependencies of target geometry_msgs_generate_messages_eus[0m
[  0%] Built target std_msgs_generate_messages_cpp
[  0%] Built target geometry_msgs_generate_messages_cpp
[  0%] Built target geometry_msgs_generate_messages_eus
[  0%] Built target std_msgs_generate_messages_eus
[  0%] Built target _custommsg_generate_messages_check_deps_ppmchnls
[35m[1mScanning dependencies of target custommsg_generate_messages_eus[0m
[35m[1mScanning dependencies of target custommsg_generate_messages_lisp[0m
[35m[1mScanning dependencies of target custommsg_generate_messages_py[0m
[35m[1mScanning dependencies of target custommsg_generate_messages_nodejs[0m
[35m[1mScanning dependencies of target custommsg_generate_messages_cpp[0m
[ 25%] [34m[1mGenerating Lisp code from custommsg/ppmchnls.msg[0m
[ 25%] [34m[1mGenerating C++ code from custommsg/kinematicstamped.msg[0m
[ 25%] [34m[1mGenerating Javascript code from custommsg/ppmchnls.msg[0m
[ 50%] [34m[1mGenerating EusLisp code from custommsg/ppmchnls.msg[0m
[ 50%] [34m[1mGenerating Lisp code from custommsg/kinematicstamped.msg[0m
[ 50%] [34m[1mGenerating Python from MSG custommsg/kinematicstamped[0m
[ 58%] [34m[1mGenerating Javascript code from custommsg/kinematicstamped.msg[0m
[ 66%] [34m[1mGenerating EusLisp code from custommsg/kinematicstamped.msg[0m
[ 75%] [34m[1mGenerating C++ code from custommsg/ppmchnls.msg[0m
[ 75%] Built target custommsg_generate_messages_nodejs
[ 83%] [34m[1mGenerating EusLisp manifest code for custommsg[0m
[ 83%] Built target custommsg_generate_messages_lisp
[ 91%] [34m[1mGenerating Python from MSG custommsg/ppmchnls[0m
[ 91%] Built target custommsg_generate_messages_cpp
[100%] [34m[1mGenerating Python msg __init__.py for custommsg[0m
[100%] Built target custommsg_generate_messages_py
[100%] Built target custommsg_generate_messages_eus
[35m[1mScanning dependencies of target custommsg_generate_messages[0m
[100%] Built target custommsg_generate_messages
