[  0%] Built target std_msgs_generate_messages_lisp
[  0%] Built target std_msgs_generate_messages_nodejs
[  0%] Built target geometry_msgs_generate_messages_nodejs
[  0%] Built target geometry_msgs_generate_messages_lisp
[  0%] Built target std_msgs_generate_messages_py
[  0%] Built target _custommsg_generate_messages_check_deps_kinematicstamped
[  0%] Built target _custommsg_generate_messages_check_deps_ppmchnls
[  0%] Built target geometry_msgs_generate_messages_py
[  0%] Built target geometry_msgs_generate_messages_cpp
[  0%] Built target std_msgs_generate_messages_eus
[  0%] Built target std_msgs_generate_messages_cpp
[  0%] Built target geometry_msgs_generate_messages_eus
[  8%] [34m[1mGenerating Javascript code from custommsg/kinematicstamped.msg[0m
[ 16%] [34m[1mGenerating Lisp code from custommsg/kinematicstamped.msg[0m
[ 25%] [34m[1mGenerating C++ code from custommsg/kinematicstamped.msg[0m
[ 33%] [34m[1mGenerating Python from MSG custommsg/kinematicstamped[0m
[ 41%] [34m[1mGenerating EusLisp code from custommsg/kinematicstamped.msg[0m
[ 50%] Built target custommsg_generate_messages_nodejs
[ 58%] Built target custommsg_generate_messages_lisp
[ 75%] Built target custommsg_generate_messages_eus
[ 83%] [34m[1mGenerating Python msg __init__.py for custommsg[0m
[ 91%] Built target custommsg_generate_messages_cpp
[100%] Built target custommsg_generate_messages_py
[100%] Built target custommsg_generate_messages
