Determining if the pthread_create exist failed with the following output:
Change Dir: /home/jasper/flap_ws/build/rosserial_xbee/CMakeFiles/CMakeTmp

Run Build Command:"/usr/bin/make" "cmTC_317ac/fast"
/usr/bin/make -f CMakeFiles/cmTC_317ac.dir/build.make CMakeFiles/cmTC_317ac.dir/build
make[1]: Entering directory '/home/jasper/flap_ws/build/rosserial_xbee/CMakeFiles/CMakeTmp'
Building C object CMakeFiles/cmTC_317ac.dir/CheckSymbolExists.c.o
/usr/bin/cc    -o CMakeFiles/cmTC_317ac.dir/CheckSymbolExists.c.o   -c /home/jasper/flap_ws/build/rosserial_xbee/CMakeFiles/CMakeTmp/CheckSymbolExists.c
Linking C executable cmTC_317ac
/usr/bin/cmake -E cmake_link_script CMakeFiles/cmTC_317ac.dir/link.txt --verbose=1
/usr/bin/cc      -rdynamic CMakeFiles/cmTC_317ac.dir/CheckSymbolExists.c.o  -o cmTC_317ac 
CMakeFiles/cmTC_317ac.dir/CheckSymbolExists.c.o: In function `main':
CheckSymbolExists.c:(.text+0x1b): undefined reference to `pthread_create'
collect2: error: ld returned 1 exit status
CMakeFiles/cmTC_317ac.dir/build.make:97: recipe for target 'cmTC_317ac' failed
make[1]: *** [cmTC_317ac] Error 1
make[1]: Leaving directory '/home/jasper/flap_ws/build/rosserial_xbee/CMakeFiles/CMakeTmp'
Makefile:126: recipe for target 'cmTC_317ac/fast' failed
make: *** [cmTC_317ac/fast] Error 2

File /home/jasper/flap_ws/build/rosserial_xbee/CMakeFiles/CMakeTmp/CheckSymbolExists.c:
/* */
#include <pthread.h>

int main(int argc, char** argv)
{
  (void)argv;
#ifndef pthread_create
  return ((int*)(&pthread_create))[argc];
#else
  (void)argc;
  return 0;
#endif
}

Determining if the function pthread_create exists in the pthreads failed with the following output:
Change Dir: /home/jasper/flap_ws/build/rosserial_xbee/CMakeFiles/CMakeTmp

Run Build Command:"/usr/bin/make" "cmTC_8bc7c/fast"
/usr/bin/make -f CMakeFiles/cmTC_8bc7c.dir/build.make CMakeFiles/cmTC_8bc7c.dir/build
make[1]: Entering directory '/home/jasper/flap_ws/build/rosserial_xbee/CMakeFiles/CMakeTmp'
Building C object CMakeFiles/cmTC_8bc7c.dir/CheckFunctionExists.c.o
/usr/bin/cc   -DCHECK_FUNCTION_EXISTS=pthread_create   -o CMakeFiles/cmTC_8bc7c.dir/CheckFunctionExists.c.o   -c /usr/share/cmake-3.10/Modules/CheckFunctionExists.c
Linking C executable cmTC_8bc7c
/usr/bin/cmake -E cmake_link_script CMakeFiles/cmTC_8bc7c.dir/link.txt --verbose=1
/usr/bin/cc  -DCHECK_FUNCTION_EXISTS=pthread_create    -rdynamic CMakeFiles/cmTC_8bc7c.dir/CheckFunctionExists.c.o  -o cmTC_8bc7c -lpthreads 
/usr/bin/ld: cannot find -lpthreads
collect2: error: ld returned 1 exit status
CMakeFiles/cmTC_8bc7c.dir/build.make:97: recipe for target 'cmTC_8bc7c' failed
make[1]: *** [cmTC_8bc7c] Error 1
make[1]: Leaving directory '/home/jasper/flap_ws/build/rosserial_xbee/CMakeFiles/CMakeTmp'
Makefile:126: recipe for target 'cmTC_8bc7c/fast' failed
make: *** [cmTC_8bc7c/fast] Error 2


