[  0%] Built target rosgraph_msgs_generate_messages_nodejs
[  0%] Built target rosgraph_msgs_generate_messages_py
[  0%] Built target std_msgs_generate_messages_eus
[  0%] Built target rosgraph_msgs_generate_messages_lisp
[  0%] Built target roscpp_generate_messages_eus
[  0%] Built target roscpp_generate_messages_lisp
[  0%] Built target rosserial_msgs_generate_messages_nodejs
[  0%] Built target rosgraph_msgs_generate_messages_eus
[  0%] Built target roscpp_generate_messages_py
[  0%] Built target std_msgs_generate_messages_py
[  0%] Built target roscpp_generate_messages_nodejs
[  0%] Built target rosserial_msgs_generate_messages_py
[  0%] Built target topic_tools_generate_messages_lisp
[  0%] Built target topic_tools_generate_messages_nodejs
[  0%] Built target topic_tools_generate_messages_py
[  0%] Built target roscpp_generate_messages_cpp
[  0%] Built target std_msgs_generate_messages_cpp
[  0%] Built target std_msgs_generate_messages_lisp
[  0%] Built target rosserial_msgs_generate_messages_eus
[  0%] Built target std_msgs_generate_messages_nodejs
[  0%] Built target rosserial_msgs_generate_messages_cpp
[ 25%] Built target rosserial_server_lookup
[ 25%] Built target rosgraph_msgs_generate_messages_cpp
[ 25%] Built target topic_tools_generate_messages_cpp
[ 25%] Built target topic_tools_generate_messages_eus
[ 25%] Built target rosserial_msgs_generate_messages_lisp
[ 50%] Built target rosserial_server_socket_node
[ 75%] Built target rosserial_server_serial_node
[100%] Built target rosserial_server_udp_socket_node
