[35m[1mScanning dependencies of target rosserial_msgs_generate_messages_nodejs[0m
[35m[1mScanning dependencies of target topic_tools_generate_messages_cpp[0m
[35m[1mScanning dependencies of target std_msgs_generate_messages_py[0m
[35m[1mScanning dependencies of target roscpp_generate_messages_nodejs[0m
[35m[1mScanning dependencies of target roscpp_generate_messages_py[0m
[35m[1mScanning dependencies of target rosgraph_msgs_generate_messages_eus[0m
[  0%] Built target std_msgs_generate_messages_py
[  0%] Built target roscpp_generate_messages_nodejs
[  0%] Built target rosserial_msgs_generate_messages_nodejs
[  0%] Built target roscpp_generate_messages_py
[  0%] Built target topic_tools_generate_messages_cpp
[35m[1mScanning dependencies of target roscpp_generate_messages_eus[0m
[35m[1mScanning dependencies of target rosgraph_msgs_generate_messages_nodejs[0m
[35m[1mScanning dependencies of target roscpp_generate_messages_lisp[0m
[  0%] Built target rosgraph_msgs_generate_messages_eus
[35m[1mScanning dependencies of target rosgraph_msgs_generate_messages_py[0m
[35m[1mScanning dependencies of target std_msgs_generate_messages_eus[0m
[35m[1mScanning dependencies of target roscpp_generate_messages_cpp[0m
[35m[1mScanning dependencies of target rosgraph_msgs_generate_messages_lisp[0m
[  0%] Built target roscpp_generate_messages_eus
[  0%] Built target roscpp_generate_messages_lisp
[  0%] Built target rosgraph_msgs_generate_messages_nodejs
[  0%] Built target std_msgs_generate_messages_eus
[  0%] Built target rosgraph_msgs_generate_messages_py
[  0%] Built target roscpp_generate_messages_cpp
[  0%] Built target rosgraph_msgs_generate_messages_lisp
[35m[1mScanning dependencies of target topic_tools_generate_messages_eus[0m
[35m[1mScanning dependencies of target rosserial_msgs_generate_messages_py[0m
[35m[1mScanning dependencies of target rosserial_msgs_generate_messages_lisp[0m
[35m[1mScanning dependencies of target topic_tools_generate_messages_nodejs[0m
[35m[1mScanning dependencies of target topic_tools_generate_messages_py[0m
[35m[1mScanning dependencies of target std_msgs_generate_messages_cpp[0m
[35m[1mScanning dependencies of target topic_tools_generate_messages_lisp[0m
[  0%] Built target topic_tools_generate_messages_eus
[35m[1mScanning dependencies of target rosserial_msgs_generate_messages_eus[0m
[  0%] Built target rosserial_msgs_generate_messages_py
[  0%] Built target rosserial_msgs_generate_messages_lisp
[  0%] Built target topic_tools_generate_messages_nodejs
[  0%] Built target std_msgs_generate_messages_cpp
[  0%] Built target topic_tools_generate_messages_lisp
[  0%] Built target topic_tools_generate_messages_py
[  0%] Built target rosserial_msgs_generate_messages_eus
[35m[1mScanning dependencies of target std_msgs_generate_messages_lisp[0m
[35m[1mScanning dependencies of target rosgraph_msgs_generate_messages_cpp[0m
[35m[1mScanning dependencies of target rosserial_server_lookup[0m
[35m[1mScanning dependencies of target rosserial_msgs_generate_messages_cpp[0m
[  0%] Built target std_msgs_generate_messages_lisp
[  0%] Built target rosserial_msgs_generate_messages_cpp
[  0%] Built target rosgraph_msgs_generate_messages_cpp
[35m[1mScanning dependencies of target std_msgs_generate_messages_nodejs[0m
[  0%] Built target std_msgs_generate_messages_nodejs
[ 12%] [32mBuilding CXX object CMakeFiles/rosserial_server_lookup.dir/src/msg_lookup.cpp.o[0m
[ 25%] [32m[1mLinking CXX shared library /home/jasper/flap_ws/devel/.private/rosserial_server/lib/librosserial_server_lookup.so[0m
[ 25%] Built target rosserial_server_lookup
[35m[1mScanning dependencies of target rosserial_server_udp_socket_node[0m
[35m[1mScanning dependencies of target rosserial_server_serial_node[0m
[35m[1mScanning dependencies of target rosserial_server_socket_node[0m
[ 50%] [32mBuilding CXX object CMakeFiles/rosserial_server_socket_node.dir/src/socket_node.cpp.o[0m
[ 50%] [32mBuilding CXX object CMakeFiles/rosserial_server_udp_socket_node.dir/src/udp_socket_node.cpp.o[0m
[ 62%] [32mBuilding CXX object CMakeFiles/rosserial_server_serial_node.dir/src/serial_node.cpp.o[0m
[ 75%] [32m[1mLinking CXX executable /home/jasper/flap_ws/devel/.private/rosserial_server/lib/rosserial_server/socket_node[0m
[ 87%] [32m[1mLinking CXX executable /home/jasper/flap_ws/devel/.private/rosserial_server/lib/rosserial_server/serial_node[0m
[100%] [32m[1mLinking CXX executable /home/jasper/flap_ws/devel/.private/rosserial_server/lib/rosserial_server/udp_socket_node[0m
[100%] Built target rosserial_server_serial_node
[100%] Built target rosserial_server_socket_node
[100%] Built target rosserial_server_udp_socket_node
