Determining if the pthread_create exist failed with the following output:
Change Dir: /home/jasper/flap_ws/build/rosserial_vex_v5/CMakeFiles/CMakeTmp

Run Build Command:"/usr/bin/make" "cmTC_eea99/fast"
/usr/bin/make -f CMakeFiles/cmTC_eea99.dir/build.make CMakeFiles/cmTC_eea99.dir/build
make[1]: Entering directory '/home/jasper/flap_ws/build/rosserial_vex_v5/CMakeFiles/CMakeTmp'
Building C object CMakeFiles/cmTC_eea99.dir/CheckSymbolExists.c.o
/usr/bin/cc    -o CMakeFiles/cmTC_eea99.dir/CheckSymbolExists.c.o   -c /home/jasper/flap_ws/build/rosserial_vex_v5/CMakeFiles/CMakeTmp/CheckSymbolExists.c
Linking C executable cmTC_eea99
/usr/bin/cmake -E cmake_link_script CMakeFiles/cmTC_eea99.dir/link.txt --verbose=1
/usr/bin/cc      -rdynamic CMakeFiles/cmTC_eea99.dir/CheckSymbolExists.c.o  -o cmTC_eea99 
CMakeFiles/cmTC_eea99.dir/CheckSymbolExists.c.o: In function `main':
CheckSymbolExists.c:(.text+0x1b): undefined reference to `pthread_create'
collect2: error: ld returned 1 exit status
CMakeFiles/cmTC_eea99.dir/build.make:97: recipe for target 'cmTC_eea99' failed
make[1]: *** [cmTC_eea99] Error 1
make[1]: Leaving directory '/home/jasper/flap_ws/build/rosserial_vex_v5/CMakeFiles/CMakeTmp'
Makefile:126: recipe for target 'cmTC_eea99/fast' failed
make: *** [cmTC_eea99/fast] Error 2

File /home/jasper/flap_ws/build/rosserial_vex_v5/CMakeFiles/CMakeTmp/CheckSymbolExists.c:
/* */
#include <pthread.h>

int main(int argc, char** argv)
{
  (void)argv;
#ifndef pthread_create
  return ((int*)(&pthread_create))[argc];
#else
  (void)argc;
  return 0;
#endif
}

Determining if the function pthread_create exists in the pthreads failed with the following output:
Change Dir: /home/jasper/flap_ws/build/rosserial_vex_v5/CMakeFiles/CMakeTmp

Run Build Command:"/usr/bin/make" "cmTC_9747e/fast"
/usr/bin/make -f CMakeFiles/cmTC_9747e.dir/build.make CMakeFiles/cmTC_9747e.dir/build
make[1]: Entering directory '/home/jasper/flap_ws/build/rosserial_vex_v5/CMakeFiles/CMakeTmp'
Building C object CMakeFiles/cmTC_9747e.dir/CheckFunctionExists.c.o
/usr/bin/cc   -DCHECK_FUNCTION_EXISTS=pthread_create   -o CMakeFiles/cmTC_9747e.dir/CheckFunctionExists.c.o   -c /usr/share/cmake-3.10/Modules/CheckFunctionExists.c
Linking C executable cmTC_9747e
/usr/bin/cmake -E cmake_link_script CMakeFiles/cmTC_9747e.dir/link.txt --verbose=1
/usr/bin/cc  -DCHECK_FUNCTION_EXISTS=pthread_create    -rdynamic CMakeFiles/cmTC_9747e.dir/CheckFunctionExists.c.o  -o cmTC_9747e -lpthreads 
/usr/bin/ld: cannot find -lpthreads
collect2: error: ld returned 1 exit status
CMakeFiles/cmTC_9747e.dir/build.make:97: recipe for target 'cmTC_9747e' failed
make[1]: *** [cmTC_9747e] Error 1
make[1]: Leaving directory '/home/jasper/flap_ws/build/rosserial_vex_v5/CMakeFiles/CMakeTmp'
Makefile:126: recipe for target 'cmTC_9747e/fast' failed
make: *** [cmTC_9747e/fast] Error 2


