[01m[K/home/jasper/flap_ws/src/controller/src/bird_data_compiler_2.cpp:14:81:[m[K [01;31m[Kerror: [m[K‘[01m[KTwistStamped[m[K’ in namespace ‘[01m[Kgeometry_msgs[m[K’ does not name a type
 void callback(const geometry_msgs::PoseStamped::ConstPtr&, const geometry_msgs::[01;31m[KTwistStamped[m[K::ConstPtr&, const custommsg::ppmchnls::ConstPtr&);
                                                                                 [01;31m[K^~~~~~~~~~~~[m[K
[01m[K/home/jasper/flap_ws/src/controller/src/bird_data_compiler_2.cpp:14:103:[m[K [01;31m[Kerror: [m[Kexpected unqualified-id before ‘[01m[K&[m[K’ token
 void callback(const geometry_msgs::PoseStamped::ConstPtr&, const geometry_msgs::TwistStamped::ConstPtr[01;31m[K&[m[K, const custommsg::ppmchnls::ConstPtr&);
                                                                                                       [01;31m[K^[m[K
[01m[K/home/jasper/flap_ws/src/controller/src/bird_data_compiler_2.cpp:14:103:[m[K [01;31m[Kerror: [m[Kexpected ‘[01m[K)[m[K’ before ‘[01m[K&[m[K’ token
[01m[K/home/jasper/flap_ws/src/controller/src/bird_data_compiler_2.cpp:14:103:[m[K [01;31m[Kerror: [m[Knon-member function ‘[01m[Kvoid callback(...)[m[K’ cannot have ref-qualifier
[01m[K/home/jasper/flap_ws/src/controller/src/bird_data_compiler_2.cpp:14:106:[m[K [01;31m[Kerror: [m[Kexpected unqualified-id before ‘[01m[Kconst[m[K’
 void callback(const geometry_msgs::PoseStamped::ConstPtr&, const geometry_msgs::TwistStamped::ConstPtr&, [01;31m[Kconst[m[K custommsg::ppmchnls::ConstPtr&);
                                                                                                          [01;31m[K^~~~~[m[K
[01m[K/home/jasper/flap_ws/src/controller/src/bird_data_compiler_2.cpp:36:85:[m[K [01;31m[Kerror: [m[K‘[01m[KTwistStamped[m[K’ in namespace ‘[01m[Kgeometry_msgs[m[K’ does not name a type
 void callback(const geometry_msgs::PoseStamped::ConstPtr& msg, const geometry_msgs::[01;31m[KTwistStamped[m[K::ConstPtr& msg2, const custommsg::ppmchnls::ConstPtr& ppm_vals)
                                                                                     [01;31m[K^~~~~~~~~~~~[m[K
[01m[K/home/jasper/flap_ws/src/controller/src/bird_data_compiler_2.cpp:36:107:[m[K [01;31m[Kerror: [m[Kexpected unqualified-id before ‘[01m[K&[m[K’ token
 void callback(const geometry_msgs::PoseStamped::ConstPtr& msg, const geometry_msgs::TwistStamped::ConstPtr[01;31m[K&[m[K msg2, const custommsg::ppmchnls::ConstPtr& ppm_vals)
                                                                                                           [01;31m[K^[m[K
[01m[K/home/jasper/flap_ws/src/controller/src/bird_data_compiler_2.cpp:36:107:[m[K [01;31m[Kerror: [m[Kexpected ‘[01m[K)[m[K’ before ‘[01m[K&[m[K’ token
[01m[K/home/jasper/flap_ws/src/controller/src/bird_data_compiler_2.cpp:36:109:[m[K [01;31m[Kerror: [m[Kexpected initializer before ‘[01m[Kmsg2[m[K’
 void callback(const geometry_msgs::PoseStamped::ConstPtr& msg, const geometry_msgs::TwistStamped::ConstPtr& [01;31m[Kmsg2[m[K, const custommsg::ppmchnls::ConstPtr& ppm_vals)
                                                                                                             [01;31m[K^~~~[m[K
[01m[K/home/jasper/flap_ws/src/controller/src/bird_data_compiler_2.cpp:[m[K In function ‘[01m[Kint main(int, char**)[m[K’:
[01m[K/home/jasper/flap_ws/src/controller/src/bird_data_compiler_2.cpp:63:45:[m[K [01;31m[Kerror: [m[K‘[01m[KTwistStamped[m[K’ is not a member of ‘[01m[Kgeometry_msgs[m[K’
  message_filters::Subscriber<geometry_msgs::[01;31m[KTwistStamped[m[K> sub_vicon(nh, "/mavros/vision_pose/pose", 10000);
                                             [01;31m[K^~~~~~~~~~~~[m[K
[01m[K/home/jasper/flap_ws/src/controller/src/bird_data_compiler_2.cpp:63:45:[m[K [01;36m[Knote: [m[Ksuggested alternative: ‘[01m[KPoseStamped[m[K’
  message_filters::Subscriber<geometry_msgs::[01;36m[KTwistStamped[m[K> sub_vicon(nh, "/mavros/vision_pose/pose", 10000);
                                             [01;36m[K^~~~~~~~~~~~[m[K
                                             [32m[KPoseStamped[m[K
[01m[K/home/jasper/flap_ws/src/controller/src/bird_data_compiler_2.cpp:63:45:[m[K [01;31m[Kerror: [m[K‘[01m[KTwistStamped[m[K’ is not a member of ‘[01m[Kgeometry_msgs[m[K’
[01m[K/home/jasper/flap_ws/src/controller/src/bird_data_compiler_2.cpp:63:45:[m[K [01;36m[Knote: [m[Ksuggested alternative: ‘[01m[KPoseStamped[m[K’
  message_filters::Subscriber<geometry_msgs::[01;36m[KTwistStamped[m[K> sub_vicon(nh, "/mavros/vision_pose/pose", 10000);
                                             [01;36m[K^~~~~~~~~~~~[m[K
                                             [32m[KPoseStamped[m[K
[01m[K/home/jasper/flap_ws/src/controller/src/bird_data_compiler_2.cpp:63:57:[m[K [01;31m[Kerror: [m[Ktemplate argument 1 is invalid
  message_filters::Subscriber<geometry_msgs::TwistStamped[01;31m[K>[m[K sub_vicon(nh, "/mavros/vision_pose/pose", 10000);
                                                         [01;31m[K^[m[K
[01m[K/home/jasper/flap_ws/src/controller/src/bird_data_compiler_2.cpp:63:69:[m[K [01;31m[Kerror: [m[Kconflicting declaration ‘[01m[Kint sub_vicon[m[K’
  message_filters::Subscriber<geometry_msgs::TwistStamped> sub_vicon([01;31m[Knh[m[K, "/mavros/vision_pose/pose", 10000);
                                                                     [01;31m[K^~[m[K
[01m[K/home/jasper/flap_ws/src/controller/src/bird_data_compiler_2.cpp:62:58:[m[K [01;36m[Knote: [m[Kprevious declaration as ‘[01m[Kmessage_filters::Subscriber<geometry_msgs::PoseStamped_<std::allocator<void> > > sub_vicon[m[K’
  message_filters::Subscriber<geometry_msgs::PoseStamped> [01;36m[Ksub_vicon[m[K(nh, "/mavros/vision_pose/pose", 10000);
                                                          [01;36m[K^~~~~~~~~[m[K
In file included from [01m[K/usr/include/boost/bind.hpp:22:0[m[K,
                 from [01m[K/opt/ros/melodic/include/ros/publisher.h:35[m[K,
                 from [01m[K/opt/ros/melodic/include/ros/node_handle.h:32[m[K,
                 from [01m[K/opt/ros/melodic/include/ros/ros.h:45[m[K,
                 from [01m[K/home/jasper/flap_ws/src/controller/src/bird_data_compiler_2.cpp:1[m[K:
/usr/include/boost/bind/bind.hpp: In instantiation of ‘[01m[Kstruct boost::_bi::result_traits<boost::_bi::unspecified, void (*)(...)>[m[K’:
[01m[K/usr/include/boost/bind/bind.hpp:1284:48:[m[K   required from ‘[01m[Kclass boost::_bi::bind_t<boost::_bi::unspecified, void (*)(...), boost::_bi::list2<boost::arg<1>, boost::arg<2> > >[m[K’
[01m[K/home/jasper/flap_ws/src/controller/src/bird_data_compiler_2.cpp:69:53:[m[K   required from here
[01m[K/usr/include/boost/bind/bind.hpp:75:37:[m[K [01;31m[Kerror: [m[K‘[01m[Kvoid (*)(...)[m[K’ is not a class, struct, or union type
     typedef typename F::result_type [01;31m[Ktype[m[K;
                                     [01;31m[K^~~~[m[K
In file included from [01m[K/usr/include/boost/function/detail/maybe_include.hpp:58:0[m[K,
                 from [01m[K/usr/include/boost/function/detail/function_iterate.hpp:14[m[K,
                 from [01m[K/usr/include/boost/preprocessor/iteration/detail/iter/forward1.hpp:92[m[K,
                 from [01m[K/usr/include/boost/function.hpp:64[m[K,
                 from [01m[K/opt/ros/melodic/include/ros/forwards.h:40[m[K,
                 from [01m[K/opt/ros/melodic/include/ros/common.h:37[m[K,
                 from [01m[K/opt/ros/melodic/include/ros/ros.h:43[m[K,
                 from [01m[K/home/jasper/flap_ws/src/controller/src/bird_data_compiler_2.cpp:1[m[K:
/usr/include/boost/function/function_template.hpp: In instantiation of ‘[01m[Kstatic void boost::detail::function::void_function_obj_invoker9<FunctionObj, R, T0, T1, T2, T3, T4, T5, T6, T7, T8>::invoke(boost::detail::function::function_buffer&, T0, T1, T2, T3, T4, T5, T6, T7, T8) [with FunctionObj = boost::_bi::bind_t<boost::_bi::unspecified, boost::_bi::bind_t<boost::_bi::unspecified, void (*)(...), boost::_bi::list2<boost::arg<1>, boost::arg<2> > >, boost::_bi::list9<boost::arg<1>, boost::arg<2>, boost::arg<3>, boost::arg<4>, boost::arg<5>, boost::arg<6>, boost::arg<7>, boost::arg<8>, boost::arg<9> > >; R = void; T0 = const boost::shared_ptr<const geometry_msgs::PoseStamped_<std::allocator<void> > >&; T1 = const boost::shared_ptr<const custommsg::ppmchnls_<std::allocator<void> > >&; T2 = const boost::shared_ptr<const message_filters::NullType>&; T3 = const boost::shared_ptr<const message_filters::NullType>&; T4 = const boost::shared_ptr<const message_filters::NullType>&; T5 = const boost::shared_ptr<const message_filters::NullType>&; T6 = const boost::shared_ptr<const message_filters::NullType>&; T7 = const boost::shared_ptr<const message_filters::NullType>&; T8 = const boost::shared_ptr<const message_filters::NullType>&][m[K’:
[01m[K/usr/include/boost/function/function_template.hpp:925:38:[m[K   required from ‘[01m[Kvoid boost::function9<R, T1, T2, T3, T4, T5, T6, T7, T8, T9>::assign_to(Functor) [with Functor = boost::_bi::bind_t<boost::_bi::unspecified, boost::_bi::bind_t<boost::_bi::unspecified, void (*)(...), boost::_bi::list2<boost::arg<1>, boost::arg<2> > >, boost::_bi::list9<boost::arg<1>, boost::arg<2>, boost::arg<3>, boost::arg<4>, boost::arg<5>, boost::arg<6>, boost::arg<7>, boost::arg<8>, boost::arg<9> > >; R = void; T0 = const boost::shared_ptr<const geometry_msgs::PoseStamped_<std::allocator<void> > >&; T1 = const boost::shared_ptr<const custommsg::ppmchnls_<std::allocator<void> > >&; T2 = const boost::shared_ptr<const message_filters::NullType>&; T3 = const boost::shared_ptr<const message_filters::NullType>&; T4 = const boost::shared_ptr<const message_filters::NullType>&; T5 = const boost::shared_ptr<const message_filters::NullType>&; T6 = const boost::shared_ptr<const message_filters::NullType>&; T7 = const boost::shared_ptr<const message_filters::NullType>&; T8 = const boost::shared_ptr<const message_filters::NullType>&][m[K’
[01m[K/usr/include/boost/function/function_template.hpp:716:7:[m[K   required from ‘[01m[Kboost::function9<R, T1, T2, T3, T4, T5, T6, T7, T8, T9>::function9(Functor, typename boost::enable_if_c<(! boost::is_integral<Functor>::value), int>::type) [with Functor = boost::_bi::bind_t<boost::_bi::unspecified, boost::_bi::bind_t<boost::_bi::unspecified, void (*)(...), boost::_bi::list2<boost::arg<1>, boost::arg<2> > >, boost::_bi::list9<boost::arg<1>, boost::arg<2>, boost::arg<3>, boost::arg<4>, boost::arg<5>, boost::arg<6>, boost::arg<7>, boost::arg<8>, boost::arg<9> > >; R = void; T0 = const boost::shared_ptr<const geometry_msgs::PoseStamped_<std::allocator<void> > >&; T1 = const boost::shared_ptr<const custommsg::ppmchnls_<std::allocator<void> > >&; T2 = const boost::shared_ptr<const message_filters::NullType>&; T3 = const boost::shared_ptr<const message_filters::NullType>&; T4 = const boost::shared_ptr<const message_filters::NullType>&; T5 = const boost::shared_ptr<const message_filters::NullType>&; T6 = const boost::shared_ptr<const message_filters::NullType>&; T7 = const boost::shared_ptr<const message_filters::NullType>&; T8 = const boost::shared_ptr<const message_filters::NullType>&; typename boost::enable_if_c<(! boost::is_integral<Functor>::value), int>::type = int][m[K’
[01m[K/usr/include/boost/function/function_template.hpp:1061:16:[m[K   required from ‘[01m[Kboost::function<R(T0, T1, T2, T3, T4, T5, T6, T7, T8)>::function(Functor, typename boost::enable_if_c<(! boost::is_integral<Functor>::value), int>::type) [with Functor = boost::_bi::bind_t<boost::_bi::unspecified, boost::_bi::bind_t<boost::_bi::unspecified, void (*)(...), boost::_bi::list2<boost::arg<1>, boost::arg<2> > >, boost::_bi::list9<boost::arg<1>, boost::arg<2>, boost::arg<3>, boost::arg<4>, boost::arg<5>, boost::arg<6>, boost::arg<7>, boost::arg<8>, boost::arg<9> > >; R = void; T0 = const boost::shared_ptr<const geometry_msgs::PoseStamped_<std::allocator<void> > >&; T1 = const boost::shared_ptr<const custommsg::ppmchnls_<std::allocator<void> > >&; T2 = const boost::shared_ptr<const message_filters::NullType>&; T3 = const boost::shared_ptr<const message_filters::NullType>&; T4 = const boost::shared_ptr<const message_filters::NullType>&; T5 = const boost::shared_ptr<const message_filters::NullType>&; T6 = const boost::shared_ptr<const message_filters::NullType>&; T7 = const boost::shared_ptr<const message_filters::NullType>&; T8 = const boost::shared_ptr<const message_filters::NullType>&; typename boost::enable_if_c<(! boost::is_integral<Functor>::value), int>::type = int][m[K’
[01m[K/opt/ros/melodic/include/message_filters/signal9.h:281:40:[m[K   required from ‘[01m[Kmessage_filters::Connection message_filters::Signal9<M0, M1, M2, M3, M4, M5, M6, M7, M8>::addCallback(C&) [with C = const boost::_bi::bind_t<boost::_bi::unspecified, void (*)(...), boost::_bi::list2<boost::arg<1>, boost::arg<2> > >; M0 = geometry_msgs::PoseStamped_<std::allocator<void> >; M1 = custommsg::ppmchnls_<std::allocator<void> >; M2 = message_filters::NullType; M3 = message_filters::NullType; M4 = message_filters::NullType; M5 = message_filters::NullType; M6 = message_filters::NullType; M7 = message_filters::NullType; M8 = message_filters::NullType][m[K’
[01m[K/opt/ros/melodic/include/message_filters/synchronizer.h:310:40:[m[K   required from ‘[01m[Kmessage_filters::Connection message_filters::Synchronizer<Policy>::registerCallback(const C&) [with C = boost::_bi::bind_t<boost::_bi::unspecified, void (*)(...), boost::_bi::list2<boost::arg<1>, boost::arg<2> > >; Policy = message_filters::sync_policies::ApproximateTime<geometry_msgs::PoseStamped_<std::allocator<void> >, custommsg::ppmchnls_<std::allocator<void> > >][m[K’
[01m[K/home/jasper/flap_ws/src/controller/src/bird_data_compiler_2.cpp:69:54:[m[K   required from here
[01m[K/usr/include/boost/function/function_template.hpp:159:11:[m[K [01;31m[Kerror: [m[Kno match for call to ‘[01m[K(boost::_bi::bind_t<boost::_bi::unspecified, boost::_bi::bind_t<boost::_bi::unspecified, void (*)(...), boost::_bi::list2<boost::arg<1>, boost::arg<2> > >, boost::_bi::list9<boost::arg<1>, boost::arg<2>, boost::arg<3>, boost::arg<4>, boost::arg<5>, boost::arg<6>, boost::arg<7>, boost::arg<8>, boost::arg<9> > >) (const boost::shared_ptr<const geometry_msgs::PoseStamped_<std::allocator<void> > >&, const boost::shared_ptr<const custommsg::ppmchnls_<std::allocator<void> > >&, const boost::shared_ptr<const message_filters::NullType>&, const boost::shared_ptr<const message_filters::NullType>&, const boost::shared_ptr<const message_filters::NullType>&, const boost::shared_ptr<const message_filters::NullType>&, const boost::shared_ptr<const message_filters::NullType>&, const boost::shared_ptr<const message_filters::NullType>&, const boost::shared_ptr<const message_filters::NullType>&)[m[K’
           [01;31m[KB[m[KOOST_FUNCTION_RETURN((*f)(BOOST_FUNCTION_ARGS));
           [01;31m[K^[m[K
make[2]: *** [CMakeFiles/bird_data_compiler.dir/src/bird_data_compiler_2.cpp.o] Error 1
make[1]: *** [CMakeFiles/bird_data_compiler.dir/all] Error 2
make: *** [all] Error 2
