In file included from [01m[K/usr/include/boost/bind.hpp:22:0[m[K,
                 from [01m[K/opt/ros/melodic/include/ros/publisher.h:35[m[K,
                 from [01m[K/opt/ros/melodic/include/ros/node_handle.h:32[m[K,
                 from [01m[K/opt/ros/melodic/include/ros/ros.h:45[m[K,
                 from [01m[K/home/jasper/flap_ws/src/controller/src/bird_data_compiler_2.cpp:1[m[K:
/usr/include/boost/bind/bind.hpp: In instantiation of ‘[01m[Kvoid boost::_bi::list4<A1, A2, A3, A4>::operator()(boost::_bi::type<void>, F&, A&, int) [with F = void (*)(const boost::shared_ptr<const geometry_msgs::PoseStamped_<std::allocator<void> > >&, const boost::shared_ptr<const geometry_msgs::TwistStamped_<std::allocator<void> > >&, const boost::shared_ptr<const geometry_msgs::TwistStamped_<std::allocator<void> > >&, const boost::shared_ptr<const custommsg::ppmchnls_<std::allocator<void> > >&); A = boost::_bi::rrlist9<const boost::shared_ptr<const geometry_msgs::PoseStamped_<std::allocator<void> > >&, const boost::shared_ptr<const geometry_msgs::TwistStamped_<std::allocator<void> > >&, const boost::shared_ptr<const custommsg::ppmchnls_<std::allocator<void> > >&, const boost::shared_ptr<const message_filters::NullType>&, const boost::shared_ptr<const message_filters::NullType>&, const boost::shared_ptr<const message_filters::NullType>&, const boost::shared_ptr<const message_filters::NullType>&, const boost::shared_ptr<const message_filters::NullType>&, const boost::shared_ptr<const message_filters::NullType>&>; A1 = boost::arg<1>; A2 = boost::arg<2>; A3 = boost::arg<3>; A4 = boost::arg<4>][m[K’:
[01m[K/usr/include/boost/bind/bind.hpp:1402:50:[m[K   required from ‘[01m[Kboost::_bi::bind_t<R, F, L>::result_type boost::_bi::bind_t<R, F, L>::operator()(A1&&, A2&&, A3&&, A4&&, A5&&, A6&&, A7&&, A8&&, A9&&) [with A1 = const boost::shared_ptr<const geometry_msgs::PoseStamped_<std::allocator<void> > >&; A2 = const boost::shared_ptr<const geometry_msgs::TwistStamped_<std::allocator<void> > >&; A3 = const boost::shared_ptr<const custommsg::ppmchnls_<std::allocator<void> > >&; A4 = const boost::shared_ptr<const message_filters::NullType>&; A5 = const boost::shared_ptr<const message_filters::NullType>&; A6 = const boost::shared_ptr<const message_filters::NullType>&; A7 = const boost::shared_ptr<const message_filters::NullType>&; A8 = const boost::shared_ptr<const message_filters::NullType>&; A9 = const boost::shared_ptr<const message_filters::NullType>&; R = void; F = void (*)(const boost::shared_ptr<const geometry_msgs::PoseStamped_<std::allocator<void> > >&, const boost::shared_ptr<const geometry_msgs::TwistStamped_<std::allocator<void> > >&, const boost::shared_ptr<const geometry_msgs::TwistStamped_<std::allocator<void> > >&, const boost::shared_ptr<const custommsg::ppmchnls_<std::allocator<void> > >&); L = boost::_bi::list4<boost::arg<1>, boost::arg<2>, boost::arg<3>, boost::arg<4> >; boost::_bi::bind_t<R, F, L>::result_type = void][m[K’
[01m[K/usr/include/boost/bind/bind.hpp:833:35:[m[K   required from ‘[01m[Kvoid boost::_bi::list9<A1, A2, A3, A4, A5, A6, A7, A8, A9>::operator()(boost::_bi::type<void>, F&, A&, int) [with F = boost::_bi::bind_t<void, void (*)(const boost::shared_ptr<const geometry_msgs::PoseStamped_<std::allocator<void> > >&, const boost::shared_ptr<const geometry_msgs::TwistStamped_<std::allocator<void> > >&, const boost::shared_ptr<const geometry_msgs::TwistStamped_<std::allocator<void> > >&, const boost::shared_ptr<const custommsg::ppmchnls_<std::allocator<void> > >&), boost::_bi::list4<boost::arg<1>, boost::arg<2>, boost::arg<3>, boost::arg<4> > >; A = boost::_bi::rrlist9<const boost::shared_ptr<const geometry_msgs::PoseStamped_<std::allocator<void> > >&, const boost::shared_ptr<const geometry_msgs::TwistStamped_<std::allocator<void> > >&, const boost::shared_ptr<const custommsg::ppmchnls_<std::allocator<void> > >&, const boost::shared_ptr<const message_filters::NullType>&, const boost::shared_ptr<const message_filters::NullType>&, const boost::shared_ptr<const message_filters::NullType>&, const boost::shared_ptr<const message_filters::NullType>&, const boost::shared_ptr<const message_filters::NullType>&, const boost::shared_ptr<const message_filters::NullType>&>; A1 = boost::arg<1>; A2 = boost::arg<2>; A3 = boost::arg<3>; A4 = boost::arg<4>; A5 = boost::arg<5>; A6 = boost::arg<6>; A7 = boost::arg<7>; A8 = boost::arg<8>; A9 = boost::arg<9>][m[K’
[01m[K/usr/include/boost/bind/bind.hpp:1402:50:[m[K   required from ‘[01m[Kboost::_bi::bind_t<R, F, L>::result_type boost::_bi::bind_t<R, F, L>::operator()(A1&&, A2&&, A3&&, A4&&, A5&&, A6&&, A7&&, A8&&, A9&&) [with A1 = const boost::shared_ptr<const geometry_msgs::PoseStamped_<std::allocator<void> > >&; A2 = const boost::shared_ptr<const geometry_msgs::TwistStamped_<std::allocator<void> > >&; A3 = const boost::shared_ptr<const custommsg::ppmchnls_<std::allocator<void> > >&; A4 = const boost::shared_ptr<const message_filters::NullType>&; A5 = const boost::shared_ptr<const message_filters::NullType>&; A6 = const boost::shared_ptr<const message_filters::NullType>&; A7 = const boost::shared_ptr<const message_filters::NullType>&; A8 = const boost::shared_ptr<const message_filters::NullType>&; A9 = const boost::shared_ptr<const message_filters::NullType>&; R = boost::_bi::unspecified; F = boost::_bi::bind_t<void, void (*)(const boost::shared_ptr<const geometry_msgs::PoseStamped_<std::allocator<void> > >&, const boost::shared_ptr<const geometry_msgs::TwistStamped_<std::allocator<void> > >&, const boost::shared_ptr<const geometry_msgs::TwistStamped_<std::allocator<void> > >&, const boost::shared_ptr<const custommsg::ppmchnls_<std::allocator<void> > >&), boost::_bi::list4<boost::arg<1>, boost::arg<2>, boost::arg<3>, boost::arg<4> > >; L = boost::_bi::list9<boost::arg<1>, boost::arg<2>, boost::arg<3>, boost::arg<4>, boost::arg<5>, boost::arg<6>, boost::arg<7>, boost::arg<8>, boost::arg<9> >; boost::_bi::bind_t<R, F, L>::result_type = void][m[K’
[01m[K/usr/include/boost/function/function_template.hpp:159:11:[m[K   required from ‘[01m[Kstatic void boost::detail::function::void_function_obj_invoker9<FunctionObj, R, T0, T1, T2, T3, T4, T5, T6, T7, T8>::invoke(boost::detail::function::function_buffer&, T0, T1, T2, T3, T4, T5, T6, T7, T8) [with FunctionObj = boost::_bi::bind_t<boost::_bi::unspecified, boost::_bi::bind_t<void, void (*)(const boost::shared_ptr<const geometry_msgs::PoseStamped_<std::allocator<void> > >&, const boost::shared_ptr<const geometry_msgs::TwistStamped_<std::allocator<void> > >&, const boost::shared_ptr<const geometry_msgs::TwistStamped_<std::allocator<void> > >&, const boost::shared_ptr<const custommsg::ppmchnls_<std::allocator<void> > >&), boost::_bi::list4<boost::arg<1>, boost::arg<2>, boost::arg<3>, boost::arg<4> > >, boost::_bi::list9<boost::arg<1>, boost::arg<2>, boost::arg<3>, boost::arg<4>, boost::arg<5>, boost::arg<6>, boost::arg<7>, boost::arg<8>, boost::arg<9> > >; R = void; T0 = const boost::shared_ptr<const geometry_msgs::PoseStamped_<std::allocator<void> > >&; T1 = const boost::shared_ptr<const geometry_msgs::TwistStamped_<std::allocator<void> > >&; T2 = const boost::shared_ptr<const custommsg::ppmchnls_<std::allocator<void> > >&; T3 = const boost::shared_ptr<const message_filters::NullType>&; T4 = const boost::shared_ptr<const message_filters::NullType>&; T5 = const boost::shared_ptr<const message_filters::NullType>&; T6 = const boost::shared_ptr<const message_filters::NullType>&; T7 = const boost::shared_ptr<const message_filters::NullType>&; T8 = const boost::shared_ptr<const message_filters::NullType>&][m[K’
[01m[K/usr/include/boost/function/function_template.hpp:925:38:[m[K   required from ‘[01m[Kvoid boost::function9<R, T1, T2, T3, T4, T5, T6, T7, T8, T9>::assign_to(Functor) [with Functor = boost::_bi::bind_t<boost::_bi::unspecified, boost::_bi::bind_t<void, void (*)(const boost::shared_ptr<const geometry_msgs::PoseStamped_<std::allocator<void> > >&, const boost::shared_ptr<const geometry_msgs::TwistStamped_<std::allocator<void> > >&, const boost::shared_ptr<const geometry_msgs::TwistStamped_<std::allocator<void> > >&, const boost::shared_ptr<const custommsg::ppmchnls_<std::allocator<void> > >&), boost::_bi::list4<boost::arg<1>, boost::arg<2>, boost::arg<3>, boost::arg<4> > >, boost::_bi::list9<boost::arg<1>, boost::arg<2>, boost::arg<3>, boost::arg<4>, boost::arg<5>, boost::arg<6>, boost::arg<7>, boost::arg<8>, boost::arg<9> > >; R = void; T0 = const boost::shared_ptr<const geometry_msgs::PoseStamped_<std::allocator<void> > >&; T1 = const boost::shared_ptr<const geometry_msgs::TwistStamped_<std::allocator<void> > >&; T2 = const boost::shared_ptr<const custommsg::ppmchnls_<std::allocator<void> > >&; T3 = const boost::shared_ptr<const message_filters::NullType>&; T4 = const boost::shared_ptr<const message_filters::NullType>&; T5 = const boost::shared_ptr<const message_filters::NullType>&; T6 = const boost::shared_ptr<const message_filters::NullType>&; T7 = const boost::shared_ptr<const message_filters::NullType>&; T8 = const boost::shared_ptr<const message_filters::NullType>&][m[K’
[01m[K/usr/include/boost/function/function_template.hpp:716:7:[m[K   required from ‘[01m[Kboost::function9<R, T1, T2, T3, T4, T5, T6, T7, T8, T9>::function9(Functor, typename boost::enable_if_c<(! boost::is_integral<Functor>::value), int>::type) [with Functor = boost::_bi::bind_t<boost::_bi::unspecified, boost::_bi::bind_t<void, void (*)(const boost::shared_ptr<const geometry_msgs::PoseStamped_<std::allocator<void> > >&, const boost::shared_ptr<const geometry_msgs::TwistStamped_<std::allocator<void> > >&, const boost::shared_ptr<const geometry_msgs::TwistStamped_<std::allocator<void> > >&, const boost::shared_ptr<const custommsg::ppmchnls_<std::allocator<void> > >&), boost::_bi::list4<boost::arg<1>, boost::arg<2>, boost::arg<3>, boost::arg<4> > >, boost::_bi::list9<boost::arg<1>, boost::arg<2>, boost::arg<3>, boost::arg<4>, boost::arg<5>, boost::arg<6>, boost::arg<7>, boost::arg<8>, boost::arg<9> > >; R = void; T0 = const boost::shared_ptr<const geometry_msgs::PoseStamped_<std::allocator<void> > >&; T1 = const boost::shared_ptr<const geometry_msgs::TwistStamped_<std::allocator<void> > >&; T2 = const boost::shared_ptr<const custommsg::ppmchnls_<std::allocator<void> > >&; T3 = const boost::shared_ptr<const message_filters::NullType>&; T4 = const boost::shared_ptr<const message_filters::NullType>&; T5 = const boost::shared_ptr<const message_filters::NullType>&; T6 = const boost::shared_ptr<const message_filters::NullType>&; T7 = const boost::shared_ptr<const message_filters::NullType>&; T8 = const boost::shared_ptr<const message_filters::NullType>&; typename boost::enable_if_c<(! boost::is_integral<Functor>::value), int>::type = int][m[K’
[01m[K/usr/include/boost/function/function_template.hpp:1061:16:[m[K   required from ‘[01m[Kboost::function<R(T0, T1, T2, T3, T4, T5, T6, T7, T8)>::function(Functor, typename boost::enable_if_c<(! boost::is_integral<Functor>::value), int>::type) [with Functor = boost::_bi::bind_t<boost::_bi::unspecified, boost::_bi::bind_t<void, void (*)(const boost::shared_ptr<const geometry_msgs::PoseStamped_<std::allocator<void> > >&, const boost::shared_ptr<const geometry_msgs::TwistStamped_<std::allocator<void> > >&, const boost::shared_ptr<const geometry_msgs::TwistStamped_<std::allocator<void> > >&, const boost::shared_ptr<const custommsg::ppmchnls_<std::allocator<void> > >&), boost::_bi::list4<boost::arg<1>, boost::arg<2>, boost::arg<3>, boost::arg<4> > >, boost::_bi::list9<boost::arg<1>, boost::arg<2>, boost::arg<3>, boost::arg<4>, boost::arg<5>, boost::arg<6>, boost::arg<7>, boost::arg<8>, boost::arg<9> > >; R = void; T0 = const boost::shared_ptr<const geometry_msgs::PoseStamped_<std::allocator<void> > >&; T1 = const boost::shared_ptr<const geometry_msgs::TwistStamped_<std::allocator<void> > >&; T2 = const boost::shared_ptr<const custommsg::ppmchnls_<std::allocator<void> > >&; T3 = const boost::shared_ptr<const message_filters::NullType>&; T4 = const boost::shared_ptr<const message_filters::NullType>&; T5 = const boost::shared_ptr<const message_filters::NullType>&; T6 = const boost::shared_ptr<const message_filters::NullType>&; T7 = const boost::shared_ptr<const message_filters::NullType>&; T8 = const boost::shared_ptr<const message_filters::NullType>&; typename boost::enable_if_c<(! boost::is_integral<Functor>::value), int>::type = int][m[K’
[01m[K/opt/ros/melodic/include/message_filters/signal9.h:281:40:[m[K   required from ‘[01m[Kmessage_filters::Connection message_filters::Signal9<M0, M1, M2, M3, M4, M5, M6, M7, M8>::addCallback(C&) [with C = const boost::_bi::bind_t<void, void (*)(const boost::shared_ptr<const geometry_msgs::PoseStamped_<std::allocator<void> > >&, const boost::shared_ptr<const geometry_msgs::TwistStamped_<std::allocator<void> > >&, const boost::shared_ptr<const geometry_msgs::TwistStamped_<std::allocator<void> > >&, const boost::shared_ptr<const custommsg::ppmchnls_<std::allocator<void> > >&), boost::_bi::list4<boost::arg<1>, boost::arg<2>, boost::arg<3>, boost::arg<4> > >; M0 = geometry_msgs::PoseStamped_<std::allocator<void> >; M1 = geometry_msgs::TwistStamped_<std::allocator<void> >; M2 = custommsg::ppmchnls_<std::allocator<void> >; M3 = message_filters::NullType; M4 = message_filters::NullType; M5 = message_filters::NullType; M6 = message_filters::NullType; M7 = message_filters::NullType; M8 = message_filters::NullType][m[K’
[01m[K/opt/ros/melodic/include/message_filters/synchronizer.h:310:40:[m[K   required from ‘[01m[Kmessage_filters::Connection message_filters::Synchronizer<Policy>::registerCallback(const C&) [with C = boost::_bi::bind_t<void, void (*)(const boost::shared_ptr<const geometry_msgs::PoseStamped_<std::allocator<void> > >&, const boost::shared_ptr<const geometry_msgs::TwistStamped_<std::allocator<void> > >&, const boost::shared_ptr<const geometry_msgs::TwistStamped_<std::allocator<void> > >&, const boost::shared_ptr<const custommsg::ppmchnls_<std::allocator<void> > >&), boost::_bi::list4<boost::arg<1>, boost::arg<2>, boost::arg<3>, boost::arg<4> > >; Policy = message_filters::sync_policies::ApproximateTime<geometry_msgs::PoseStamped_<std::allocator<void> >, geometry_msgs::TwistStamped_<std::allocator<void> >, custommsg::ppmchnls_<std::allocator<void> > >][m[K’
[01m[K/home/jasper/flap_ws/src/controller/src/bird_data_compiler_2.cpp:81:62:[m[K   required from here
[01m[K/usr/include/boost/bind/bind.hpp:463:35:[m[K [01;31m[Kerror: [m[Kinvalid initialization of reference of type ‘[01m[Kconst boost::shared_ptr<const geometry_msgs::TwistStamped_<std::allocator<void> > >&[m[K’ from expression of type ‘[01m[Kconst boost::shared_ptr<const custommsg::ppmchnls_<std::allocator<void> > >[m[K’
         [01;31m[Kunwrapper<F>::unwrap(f, 0)(a[base_type::a1_], a[base_type::a2_], a[base_type::a3_], a[base_type::a4_])[m[K;
         [01;31m[K~~~~~~~~~~~~~~~~~~~~~~~~~~^~~~~~~~~~~~~~~~~~~~~~~~~~~~~~~~~~~~~~~~~~~~~~~~~~~~~~~~~~~~~~~~~~~~~~~~~~~~[m[K
In file included from [01m[K/opt/ros/melodic/include/message_filters/simple_filter.h:41:0[m[K,
                 from [01m[K/opt/ros/melodic/include/message_filters/subscriber.h:43[m[K,
                 from [01m[K/home/jasper/flap_ws/src/controller/src/bird_data_compiler_2.cpp:2[m[K:
/opt/ros/melodic/include/message_filters/signal1.h: In instantiation of ‘[01m[Kvoid message_filters::CallbackHelper1T<P, M>::call(const ros::MessageEvent<const M>&, bool) [with P = const ros::MessageEvent<const message_filters::NullType>&; M = custommsg::ppmchnls_<std::allocator<void> >][m[K’:
[01m[K/home/jasper/flap_ws/src/controller/src/bird_data_compiler_2.cpp:90:1:[m[K   required from here
[01m[K/opt/ros/melodic/include/message_filters/signal1.h:75:11:[m[K [01;31m[Kerror: [m[Kno matching function for call to ‘[01m[Kros::MessageEvent<const message_filters::NullType>::MessageEvent(const ros::MessageEvent<const custommsg::ppmchnls_<std::allocator<void> > >&, bool)[m[K’
     Event [01;31m[Kmy_event[m[K(event, nonconst_force_copy || event.nonConstWillCopy());
           [01;31m[K^~~~~~~~[m[K
In file included from [01m[K/opt/ros/melodic/include/ros/parameter_adapter.h:32:0[m[K,
                 from [01m[K/opt/ros/melodic/include/ros/subscription_callback_helper.h:35[m[K,
                 from [01m[K/opt/ros/melodic/include/ros/subscriber.h:33[m[K,
                 from [01m[K/opt/ros/melodic/include/ros/node_handle.h:33[m[K,
                 from [01m[K/opt/ros/melodic/include/ros/ros.h:45[m[K,
                 from [01m[K/home/jasper/flap_ws/src/controller/src/bird_data_compiler_2.cpp:1[m[K:
[01m[K/opt/ros/melodic/include/ros/message_event.h:127:3:[m[K [01;36m[Knote: [m[Kcandidate: ros::MessageEvent<M>::MessageEvent(const ConstMessagePtr&, const boost::shared_ptr<std::map<std::__cxx11::basic_string<char>, std::__cxx11::basic_string<char> > >&, ros::Time, bool, const CreateFunction&) [with M = const message_filters::NullType; ros::MessageEvent<M>::ConstMessagePtr = boost::shared_ptr<const message_filters::NullType>; typename boost::add_const<M>::type = const message_filters::NullType; ros::MessageEvent<M>::CreateFunction = boost::function<boost::shared_ptr<message_filters::NullType>()>; typename boost::remove_const<M>::type = message_filters::NullType]
   [01;36m[KMessageEvent[m[K(const ConstMessagePtr& message, const boost::shared_ptr<M_string>& connection_header, ros::Time receipt_time, bool nonconst_need_copy, const CreateFunction& create)
   [01;36m[K^~~~~~~~~~~~[m[K
[01m[K/opt/ros/melodic/include/ros/message_event.h:127:3:[m[K [01;36m[Knote: [m[K  candidate expects 5 arguments, 2 provided
[01m[K/opt/ros/melodic/include/ros/message_event.h:122:3:[m[K [01;36m[Knote: [m[Kcandidate: ros::MessageEvent<M>::MessageEvent(const ConstMessagePtr&, ros::Time) [with M = const message_filters::NullType; ros::MessageEvent<M>::ConstMessagePtr = boost::shared_ptr<const message_filters::NullType>; typename boost::add_const<M>::type = const message_filters::NullType]
   [01;36m[KMessageEvent[m[K(const ConstMessagePtr& message, ros::Time receipt_time)
   [01;36m[K^~~~~~~~~~~~[m[K
[01m[K/opt/ros/melodic/include/ros/message_event.h:122:3:[m[K [01;36m[Knote: [m[K  no known conversion for argument 1 from ‘[01m[Kconst ros::MessageEvent<const custommsg::ppmchnls_<std::allocator<void> > >[m[K’ to ‘[01m[Kconst ConstMessagePtr& {aka const boost::shared_ptr<const message_filters::NullType>&}[m[K’
[01m[K/opt/ros/melodic/include/ros/message_event.h:117:3:[m[K [01;36m[Knote: [m[Kcandidate: ros::MessageEvent<M>::MessageEvent(const ConstMessagePtr&, const boost::shared_ptr<std::map<std::__cxx11::basic_string<char>, std::__cxx11::basic_string<char> > >&, ros::Time) [with M = const message_filters::NullType; ros::MessageEvent<M>::ConstMessagePtr = boost::shared_ptr<const message_filters::NullType>; typename boost::add_const<M>::type = const message_filters::NullType]
   [01;36m[KMessageEvent[m[K(const ConstMessagePtr& message, const boost::shared_ptr<M_string>& connection_header, ros::Time receipt_time)
   [01;36m[K^~~~~~~~~~~~[m[K
[01m[K/opt/ros/melodic/include/ros/message_event.h:117:3:[m[K [01;36m[Knote: [m[K  candidate expects 3 arguments, 2 provided
[01m[K/opt/ros/melodic/include/ros/message_event.h:112:3:[m[K [01;36m[Knote: [m[Kcandidate: ros::MessageEvent<M>::MessageEvent(const ConstMessagePtr&) [with M = const message_filters::NullType; ros::MessageEvent<M>::ConstMessagePtr = boost::shared_ptr<const message_filters::NullType>; typename boost::add_const<M>::type = const message_filters::NullType]
   [01;36m[KMessageEvent[m[K(const ConstMessagePtr& message)
   [01;36m[K^~~~~~~~~~~~[m[K
[01m[K/opt/ros/melodic/include/ros/message_event.h:112:3:[m[K [01;36m[Knote: [m[K  candidate expects 1 argument, 2 provided
[01m[K/opt/ros/melodic/include/ros/message_event.h:104:3:[m[K [01;36m[Knote: [m[Kcandidate: ros::MessageEvent<M>::MessageEvent(const ros::MessageEvent<const void>&, const CreateFunction&) [with M = const message_filters::NullType; ros::MessageEvent<M>::CreateFunction = boost::function<boost::shared_ptr<message_filters::NullType>()>; typename boost::remove_const<M>::type = message_filters::NullType]
   [01;36m[KMessageEvent[m[K(const MessageEvent<void const>& rhs, const CreateFunction& create)
   [01;36m[K^~~~~~~~~~~~[m[K
[01m[K/opt/ros/melodic/include/ros/message_event.h:104:3:[m[K [01;36m[Knote: [m[K  no known conversion for argument 1 from ‘[01m[Kconst ros::MessageEvent<const custommsg::ppmchnls_<std::allocator<void> > >[m[K’ to ‘[01m[Kconst ros::MessageEvent<const void>&[m[K’
[01m[K/opt/ros/melodic/include/ros/message_event.h:98:3:[m[K [01;36m[Knote: [m[Kcandidate: ros::MessageEvent<M>::MessageEvent(const ros::MessageEvent<typename boost::add_const<M>::type>&, bool) [with M = const message_filters::NullType; typename boost::add_const<M>::type = const message_filters::NullType]
   [01;36m[KMessageEvent[m[K(const MessageEvent<ConstMessage>& rhs, bool nonconst_need_copy)
   [01;36m[K^~~~~~~~~~~~[m[K
[01m[K/opt/ros/melodic/include/ros/message_event.h:98:3:[m[K [01;36m[Knote: [m[K  no known conversion for argument 1 from ‘[01m[Kconst ros::MessageEvent<const custommsg::ppmchnls_<std::allocator<void> > >[m[K’ to ‘[01m[Kconst ros::MessageEvent<const message_filters::NullType>&[m[K’
[01m[K/opt/ros/melodic/include/ros/message_event.h:92:3:[m[K [01;36m[Knote: [m[Kcandidate: ros::MessageEvent<M>::MessageEvent(const ros::MessageEvent<typename boost::remove_const<M>::type>&, bool) [with M = const message_filters::NullType; typename boost::remove_const<M>::type = message_filters::NullType]
   [01;36m[KMessageEvent[m[K(const MessageEvent<Message>& rhs, bool nonconst_need_copy)
   [01;36m[K^~~~~~~~~~~~[m[K
[01m[K/opt/ros/melodic/include/ros/message_event.h:92:3:[m[K [01;36m[Knote: [m[K  no known conversion for argument 1 from ‘[01m[Kconst ros::MessageEvent<const custommsg::ppmchnls_<std::allocator<void> > >[m[K’ to ‘[01m[Kconst ros::MessageEvent<message_filters::NullType>&[m[K’
[01m[K/opt/ros/melodic/include/ros/message_event.h:87:3:[m[K [01;36m[Knote: [m[Kcandidate: ros::MessageEvent<M>::MessageEvent(const ros::MessageEvent<typename boost::add_const<M>::type>&) [with M = const message_filters::NullType; typename boost::add_const<M>::type = const message_filters::NullType]
   [01;36m[KMessageEvent[m[K(const MessageEvent<ConstMessage>& rhs)
   [01;36m[K^~~~~~~~~~~~[m[K
[01m[K/opt/ros/melodic/include/ros/message_event.h:87:3:[m[K [01;36m[Knote: [m[K  candidate expects 1 argument, 2 provided
[01m[K/opt/ros/melodic/include/ros/message_event.h:82:3:[m[K [01;36m[Knote: [m[Kcandidate: ros::MessageEvent<M>::MessageEvent(const ros::MessageEvent<typename boost::remove_const<M>::type>&) [with M = const message_filters::NullType; typename boost::remove_const<M>::type = message_filters::NullType]
   [01;36m[KMessageEvent[m[K(const MessageEvent<Message>& rhs)
   [01;36m[K^~~~~~~~~~~~[m[K
[01m[K/opt/ros/melodic/include/ros/message_event.h:82:3:[m[K [01;36m[Knote: [m[K  candidate expects 1 argument, 2 provided
[01m[K/opt/ros/melodic/include/ros/message_event.h:78:3:[m[K [01;36m[Knote: [m[Kcandidate: ros::MessageEvent<M>::MessageEvent() [with M = const message_filters::NullType]
   [01;36m[KMessageEvent[m[K()
   [01;36m[K^~~~~~~~~~~~[m[K
[01m[K/opt/ros/melodic/include/ros/message_event.h:78:3:[m[K [01;36m[Knote: [m[K  candidate expects 0 arguments, 2 provided
In file included from [01m[K/opt/ros/melodic/include/message_filters/simple_filter.h:41:0[m[K,
                 from [01m[K/opt/ros/melodic/include/message_filters/subscriber.h:43[m[K,
                 from [01m[K/home/jasper/flap_ws/src/controller/src/bird_data_compiler_2.cpp:2[m[K:
/opt/ros/melodic/include/message_filters/signal1.h: In instantiation of ‘[01m[Kvoid message_filters::CallbackHelper1T<P, M>::call(const ros::MessageEvent<const M>&, bool) [with P = const ros::MessageEvent<const custommsg::ppmchnls_<std::allocator<void> > >&; M = geometry_msgs::TwistStamped_<std::allocator<void> >][m[K’:
[01m[K/home/jasper/flap_ws/src/controller/src/bird_data_compiler_2.cpp:90:1:[m[K   required from here
[01m[K/opt/ros/melodic/include/message_filters/signal1.h:75:11:[m[K [01;31m[Kerror: [m[Kno matching function for call to ‘[01m[Kros::MessageEvent<const custommsg::ppmchnls_<std::allocator<void> > >::MessageEvent(const ros::MessageEvent<const geometry_msgs::TwistStamped_<std::allocator<void> > >&, bool)[m[K’
     Event [01;31m[Kmy_event[m[K(event, nonconst_force_copy || event.nonConstWillCopy());
           [01;31m[K^~~~~~~~[m[K
In file included from [01m[K/opt/ros/melodic/include/ros/parameter_adapter.h:32:0[m[K,
                 from [01m[K/opt/ros/melodic/include/ros/subscription_callback_helper.h:35[m[K,
                 from [01m[K/opt/ros/melodic/include/ros/subscriber.h:33[m[K,
                 from [01m[K/opt/ros/melodic/include/ros/node_handle.h:33[m[K,
                 from [01m[K/opt/ros/melodic/include/ros/ros.h:45[m[K,
                 from [01m[K/home/jasper/flap_ws/src/controller/src/bird_data_compiler_2.cpp:1[m[K:
[01m[K/opt/ros/melodic/include/ros/message_event.h:127:3:[m[K [01;36m[Knote: [m[Kcandidate: ros::MessageEvent<M>::MessageEvent(const ConstMessagePtr&, const boost::shared_ptr<std::map<std::__cxx11::basic_string<char>, std::__cxx11::basic_string<char> > >&, ros::Time, bool, const CreateFunction&) [with M = const custommsg::ppmchnls_<std::allocator<void> >; ros::MessageEvent<M>::ConstMessagePtr = boost::shared_ptr<const custommsg::ppmchnls_<std::allocator<void> > >; typename boost::add_const<M>::type = const custommsg::ppmchnls_<std::allocator<void> >; ros::MessageEvent<M>::CreateFunction = boost::function<boost::shared_ptr<custommsg::ppmchnls_<std::allocator<void> > >()>; typename boost::remove_const<M>::type = custommsg::ppmchnls_<std::allocator<void> >]
   [01;36m[KMessageEvent[m[K(const ConstMessagePtr& message, const boost::shared_ptr<M_string>& connection_header, ros::Time receipt_time, bool nonconst_need_copy, const CreateFunction& create)
   [01;36m[K^~~~~~~~~~~~[m[K
[01m[K/opt/ros/melodic/include/ros/message_event.h:127:3:[m[K [01;36m[Knote: [m[K  candidate expects 5 arguments, 2 provided
[01m[K/opt/ros/melodic/include/ros/message_event.h:122:3:[m[K [01;36m[Knote: [m[Kcandidate: ros::MessageEvent<M>::MessageEvent(const ConstMessagePtr&, ros::Time) [with M = const custommsg::ppmchnls_<std::allocator<void> >; ros::MessageEvent<M>::ConstMessagePtr = boost::shared_ptr<const custommsg::ppmchnls_<std::allocator<void> > >; typename boost::add_const<M>::type = const custommsg::ppmchnls_<std::allocator<void> >]
   [01;36m[KMessageEvent[m[K(const ConstMessagePtr& message, ros::Time receipt_time)
   [01;36m[K^~~~~~~~~~~~[m[K
[01m[K/opt/ros/melodic/include/ros/message_event.h:122:3:[m[K [01;36m[Knote: [m[K  no known conversion for argument 1 from ‘[01m[Kconst ros::MessageEvent<const geometry_msgs::TwistStamped_<std::allocator<void> > >[m[K’ to ‘[01m[Kconst ConstMessagePtr& {aka const boost::shared_ptr<const custommsg::ppmchnls_<std::allocator<void> > >&}[m[K’
[01m[K/opt/ros/melodic/include/ros/message_event.h:117:3:[m[K [01;36m[Knote: [m[Kcandidate: ros::MessageEvent<M>::MessageEvent(const ConstMessagePtr&, const boost::shared_ptr<std::map<std::__cxx11::basic_string<char>, std::__cxx11::basic_string<char> > >&, ros::Time) [with M = const custommsg::ppmchnls_<std::allocator<void> >; ros::MessageEvent<M>::ConstMessagePtr = boost::shared_ptr<const custommsg::ppmchnls_<std::allocator<void> > >; typename boost::add_const<M>::type = const custommsg::ppmchnls_<std::allocator<void> >]
   [01;36m[KMessageEvent[m[K(const ConstMessagePtr& message, const boost::shared_ptr<M_string>& connection_header, ros::Time receipt_time)
   [01;36m[K^~~~~~~~~~~~[m[K
[01m[K/opt/ros/melodic/include/ros/message_event.h:117:3:[m[K [01;36m[Knote: [m[K  candidate expects 3 arguments, 2 provided
[01m[K/opt/ros/melodic/include/ros/message_event.h:112:3:[m[K [01;36m[Knote: [m[Kcandidate: ros::MessageEvent<M>::MessageEvent(const ConstMessagePtr&) [with M = const custommsg::ppmchnls_<std::allocator<void> >; ros::MessageEvent<M>::ConstMessagePtr = boost::shared_ptr<const custommsg::ppmchnls_<std::allocator<void> > >; typename boost::add_const<M>::type = const custommsg::ppmchnls_<std::allocator<void> >]
   [01;36m[KMessageEvent[m[K(const ConstMessagePtr& message)
   [01;36m[K^~~~~~~~~~~~[m[K
[01m[K/opt/ros/melodic/include/ros/message_event.h:112:3:[m[K [01;36m[Knote: [m[K  candidate expects 1 argument, 2 provided
[01m[K/opt/ros/melodic/include/ros/message_event.h:104:3:[m[K [01;36m[Knote: [m[Kcandidate: ros::MessageEvent<M>::MessageEvent(const ros::MessageEvent<const void>&, const CreateFunction&) [with M = const custommsg::ppmchnls_<std::allocator<void> >; ros::MessageEvent<M>::CreateFunction = boost::function<boost::shared_ptr<custommsg::ppmchnls_<std::allocator<void> > >()>; typename boost::remove_const<M>::type = custommsg::ppmchnls_<std::allocator<void> >]
   [01;36m[KMessageEvent[m[K(const MessageEvent<void const>& rhs, const CreateFunction& create)
   [01;36m[K^~~~~~~~~~~~[m[K
[01m[K/opt/ros/melodic/include/ros/message_event.h:104:3:[m[K [01;36m[Knote: [m[K  no known conversion for argument 1 from ‘[01m[Kconst ros::MessageEvent<const geometry_msgs::TwistStamped_<std::allocator<void> > >[m[K’ to ‘[01m[Kconst ros::MessageEvent<const void>&[m[K’
[01m[K/opt/ros/melodic/include/ros/message_event.h:98:3:[m[K [01;36m[Knote: [m[Kcandidate: ros::MessageEvent<M>::MessageEvent(const ros::MessageEvent<typename boost::add_const<M>::type>&, bool) [with M = const custommsg::ppmchnls_<std::allocator<void> >; typename boost::add_const<M>::type = const custommsg::ppmchnls_<std::allocator<void> >]
   [01;36m[KMessageEvent[m[K(const MessageEvent<ConstMessage>& rhs, bool nonconst_need_copy)
   [01;36m[K^~~~~~~~~~~~[m[K
[01m[K/opt/ros/melodic/include/ros/message_event.h:98:3:[m[K [01;36m[Knote: [m[K  no known conversion for argument 1 from ‘[01m[Kconst ros::MessageEvent<const geometry_msgs::TwistStamped_<std::allocator<void> > >[m[K’ to ‘[01m[Kconst ros::MessageEvent<const custommsg::ppmchnls_<std::allocator<void> > >&[m[K’
[01m[K/opt/ros/melodic/include/ros/message_event.h:92:3:[m[K [01;36m[Knote: [m[Kcandidate: ros::MessageEvent<M>::MessageEvent(const ros::MessageEvent<typename boost::remove_const<M>::type>&, bool) [with M = const custommsg::ppmchnls_<std::allocator<void> >; typename boost::remove_const<M>::type = custommsg::ppmchnls_<std::allocator<void> >]
   [01;36m[KMessageEvent[m[K(const MessageEvent<Message>& rhs, bool nonconst_need_copy)
   [01;36m[K^~~~~~~~~~~~[m[K
[01m[K/opt/ros/melodic/include/ros/message_event.h:92:3:[m[K [01;36m[Knote: [m[K  no known conversion for argument 1 from ‘[01m[Kconst ros::MessageEvent<const geometry_msgs::TwistStamped_<std::allocator<void> > >[m[K’ to ‘[01m[Kconst ros::MessageEvent<custommsg::ppmchnls_<std::allocator<void> > >&[m[K’
[01m[K/opt/ros/melodic/include/ros/message_event.h:87:3:[m[K [01;36m[Knote: [m[Kcandidate: ros::MessageEvent<M>::MessageEvent(const ros::MessageEvent<typename boost::add_const<M>::type>&) [with M = const custommsg::ppmchnls_<std::allocator<void> >; typename boost::add_const<M>::type = const custommsg::ppmchnls_<std::allocator<void> >]
   [01;36m[KMessageEvent[m[K(const MessageEvent<ConstMessage>& rhs)
   [01;36m[K^~~~~~~~~~~~[m[K
[01m[K/opt/ros/melodic/include/ros/message_event.h:87:3:[m[K [01;36m[Knote: [m[K  candidate expects 1 argument, 2 provided
[01m[K/opt/ros/melodic/include/ros/message_event.h:82:3:[m[K [01;36m[Knote: [m[Kcandidate: ros::MessageEvent<M>::MessageEvent(const ros::MessageEvent<typename boost::remove_const<M>::type>&) [with M = const custommsg::ppmchnls_<std::allocator<void> >; typename boost::remove_const<M>::type = custommsg::ppmchnls_<std::allocator<void> >]
   [01;36m[KMessageEvent[m[K(const MessageEvent<Message>& rhs)
   [01;36m[K^~~~~~~~~~~~[m[K
[01m[K/opt/ros/melodic/include/ros/message_event.h:82:3:[m[K [01;36m[Knote: [m[K  candidate expects 1 argument, 2 provided
[01m[K/opt/ros/melodic/include/ros/message_event.h:78:3:[m[K [01;36m[Knote: [m[Kcandidate: ros::MessageEvent<M>::MessageEvent() [with M = const custommsg::ppmchnls_<std::allocator<void> >]
   [01;36m[KMessageEvent[m[K()
   [01;36m[K^~~~~~~~~~~~[m[K
[01m[K/opt/ros/melodic/include/ros/message_event.h:78:3:[m[K [01;36m[Knote: [m[K  candidate expects 0 arguments, 2 provided
make[2]: *** [CMakeFiles/bird_data_compiler.dir/src/bird_data_compiler_2.cpp.o] Error 1
make[1]: *** [CMakeFiles/bird_data_compiler.dir/all] Error 2
make: *** [all] Error 2
