Symlinking /home/arijitnoobstar/Flapping-Wing-MAV/devel/lib/controller/arduino1970
Symlinking /home/arijitnoobstar/Flapping-Wing-MAV/devel/lib/controller/bird_data_compiler
Symlinking /home/arijitnoobstar/Flapping-Wing-MAV/devel/lib/pkgconfig/controller.pc
Symlinking /home/arijitnoobstar/Flapping-Wing-MAV/devel/share/controller/cmake/controllerConfig-version.cmake
Symlinking /home/arijitnoobstar/Flapping-Wing-MAV/devel/share/controller/cmake/controllerConfig.cmake
Cleaning: (/home/jasper/flap_ws/devel/.private/controller/cmake.lock, /home/jasper/flap_ws/devel/./cmake.lock)
Cleaning: (/home/jasper/flap_ws/devel/.private/controller/share/controller/cmake/controllerConfig.cmake, /home/jasper/flap_ws/devel/share/controller/cmake/controllerConfig.cmake)
Cleaning: (/home/jasper/flap_ws/devel/.private/controller/share/controller/cmake/controllerConfig-version.cmake, /home/jasper/flap_ws/devel/share/controller/cmake/controllerConfig-version.cmake)
Cleaning: (/home/jasper/flap_ws/devel/.private/controller/lib/pkgconfig/controller.pc, /home/jasper/flap_ws/devel/lib/pkgconfig/controller.pc)
Cleaning: (/home/jasper/flap_ws/devel/.private/controller/lib/controller/bird_data_compiler, /home/jasper/flap_ws/devel/lib/controller/bird_data_compiler)
Cleaning: (/home/jasper/flap_ws/devel/.private/controller/lib/controller/arduino1970, /home/jasper/flap_ws/devel/lib/controller/arduino1970)
Unlinking: /home/jasper/flap_ws/devel/share/controller/cmake/controllerConfig.cmake
Already unlinked: {}
Unlinking: /home/jasper/flap_ws/devel/share/controller/cmake/controllerConfig-version.cmake
Already unlinked: {}
Unlinking: /home/jasper/flap_ws/devel/lib/pkgconfig/controller.pc
Already unlinked: {}
Unlinking: /home/jasper/flap_ws/devel/lib/controller/bird_data_compiler
Already unlinked: {}
Unlinking: /home/jasper/flap_ws/devel/lib/controller/arduino1970
Already unlinked: {}
