[  0%] Built target std_msgs_generate_messages_eus
[  0%] Built target custommsg_generate_messages_py
[  0%] Built target custommsg_generate_messages_nodejs
[  0%] Built target custommsg_generate_messages_eus
[  0%] Built target custommsg_generate_messages_cpp
[  0%] Built target std_msgs_generate_messages_nodejs
[  0%] Built target std_msgs_generate_messages_lisp
[  0%] Built target roscpp_generate_messages_lisp
[  0%] Built target roscpp_generate_messages_eus
[  0%] Built target roscpp_generate_messages_cpp
[  0%] Built target std_msgs_generate_messages_py
[  0%] Built target std_msgs_generate_messages_cpp
[  0%] Built target rosgraph_msgs_generate_messages_py
[  0%] Built target rosgraph_msgs_generate_messages_nodejs
[  0%] Built target roscpp_generate_messages_nodejs
[  0%] Built target roscpp_generate_messages_py
[  0%] Built target rosgraph_msgs_generate_messages_cpp
[  0%] Built target rosgraph_msgs_generate_messages_eus
[  0%] Built target custommsg_generate_messages_lisp
[  0%] Built target rosgraph_msgs_generate_messages_lisp
[35m[1mScanning dependencies of target bird_data_compiler[0m
[ 50%] Built target arduino1970
[ 75%] [32mBuilding CXX object CMakeFiles/bird_data_compiler.dir/src/bird_data_compiler_2.cpp.o[0m
[01m[K/home/jasper/flap_ws/src/controller/src/bird_data_compiler_2.cpp:15:127:[m[K [01;31m[Kerror: [m[K‘[01m[KAccelStamped[m[K’ in namespace ‘[01m[Kgeometry_msgs[m[K’ does not name a type
 void callback(const geometry_msgs::PoseStamped::ConstPtr&, const geometry_msgs::TwistStamped::ConstPtr&, const geometry_msgs::[01;31m[KAccelStamped[m[K::ConstPtr&, const custommsg::ppmchnls::ConstPtr&);
                                                                                                                               [01;31m[K^~~~~~~~~~~~[m[K
[01m[K/home/jasper/flap_ws/src/controller/src/bird_data_compiler_2.cpp:15:149:[m[K [01;31m[Kerror: [m[Kexpected unqualified-id before ‘[01m[K&[m[K’ token
 void callback(const geometry_msgs::PoseStamped::ConstPtr&, const geometry_msgs::TwistStamped::ConstPtr&, const geometry_msgs::AccelStamped::ConstPtr[01;31m[K&[m[K, const custommsg::ppmchnls::ConstPtr&);
                                                                                                                                                     [01;31m[K^[m[K
[01m[K/home/jasper/flap_ws/src/controller/src/bird_data_compiler_2.cpp:15:149:[m[K [01;31m[Kerror: [m[Kexpected ‘[01m[K)[m[K’ before ‘[01m[K&[m[K’ token
[01m[K/home/jasper/flap_ws/src/controller/src/bird_data_compiler_2.cpp:15:149:[m[K [01;31m[Kerror: [m[Knon-member function ‘[01m[Kvoid callback(...)[m[K’ cannot have ref-qualifier
[01m[K/home/jasper/flap_ws/src/controller/src/bird_data_compiler_2.cpp:15:152:[m[K [01;31m[Kerror: [m[Kexpected unqualified-id before ‘[01m[Kconst[m[K’
 void callback(const geometry_msgs::PoseStamped::ConstPtr&, const geometry_msgs::TwistStamped::ConstPtr&, const geometry_msgs::AccelStamped::ConstPtr&, [01;31m[Kconst[m[K custommsg::ppmchnls::ConstPtr&);
                                                                                                                                                        [01;31m[K^~~~~[m[K
[01m[K/home/jasper/flap_ws/src/controller/src/bird_data_compiler_2.cpp:43:136:[m[K [01;31m[Kerror: [m[K‘[01m[KAccelStamped[m[K’ in namespace ‘[01m[Kgeometry_msgs[m[K’ does not name a type
 void callback(const geometry_msgs::PoseStamped::ConstPtr& msg, const geometry_msgs::TwistStamped::ConstPtr& msg2, const geometry_msgs::[01;31m[KAccelStamped[m[K::ConstPtr& msg3, const custommsg::ppmchnls::ConstPtr& ppm_vals)
                                                                                                                                        [01;31m[K^~~~~~~~~~~~[m[K
[01m[K/home/jasper/flap_ws/src/controller/src/bird_data_compiler_2.cpp:43:158:[m[K [01;31m[Kerror: [m[Kexpected unqualified-id before ‘[01m[K&[m[K’ token
 void callback(const geometry_msgs::PoseStamped::ConstPtr& msg, const geometry_msgs::TwistStamped::ConstPtr& msg2, const geometry_msgs::AccelStamped::ConstPtr[01;31m[K&[m[K msg3, const custommsg::ppmchnls::ConstPtr& ppm_vals)
                                                                                                                                                              [01;31m[K^[m[K
[01m[K/home/jasper/flap_ws/src/controller/src/bird_data_compiler_2.cpp:43:158:[m[K [01;31m[Kerror: [m[Kexpected ‘[01m[K)[m[K’ before ‘[01m[K&[m[K’ token
[01m[K/home/jasper/flap_ws/src/controller/src/bird_data_compiler_2.cpp:43:160:[m[K [01;31m[Kerror: [m[Kexpected initializer before ‘[01m[Kmsg3[m[K’
 void callback(const geometry_msgs::PoseStamped::ConstPtr& msg, const geometry_msgs::TwistStamped::ConstPtr& msg2, const geometry_msgs::AccelStamped::ConstPtr& [01;31m[Kmsg3[m[K, const custommsg::ppmchnls::ConstPtr& ppm_vals)
                                                                                                                                                                [01;31m[K^~~~[m[K
[01m[K/home/jasper/flap_ws/src/controller/src/bird_data_compiler_2.cpp:[m[K In function ‘[01m[Kint main(int, char**)[m[K’:
[01m[K/home/jasper/flap_ws/src/controller/src/bird_data_compiler_2.cpp:75:45:[m[K [01;31m[Kerror: [m[K‘[01m[KAccelStamped[m[K’ is not a member of ‘[01m[Kgeometry_msgs[m[K’
  message_filters::Subscriber<geometry_msgs::[01;31m[KAccelStamped[m[K> sub_vicon_accel(nh, "/vrpn_client_node/flapusp/accel", 10000);
                                             [01;31m[K^~~~~~~~~~~~[m[K
[01m[K/home/jasper/flap_ws/src/controller/src/bird_data_compiler_2.cpp:75:45:[m[K [01;36m[Knote: [m[Ksuggested alternative: ‘[01m[KPoseStamped[m[K’
  message_filters::Subscriber<geometry_msgs::[01;36m[KAccelStamped[m[K> sub_vicon_accel(nh, "/vrpn_client_node/flapusp/accel", 10000);
                                             [01;36m[K^~~~~~~~~~~~[m[K
                                             [32m[KPoseStamped[m[K
[01m[K/home/jasper/flap_ws/src/controller/src/bird_data_compiler_2.cpp:75:45:[m[K [01;31m[Kerror: [m[K‘[01m[KAccelStamped[m[K’ is not a member of ‘[01m[Kgeometry_msgs[m[K’
[01m[K/home/jasper/flap_ws/src/controller/src/bird_data_compiler_2.cpp:75:45:[m[K [01;36m[Knote: [m[Ksuggested alternative: ‘[01m[KPoseStamped[m[K’
  message_filters::Subscriber<geometry_msgs::[01;36m[KAccelStamped[m[K> sub_vicon_accel(nh, "/vrpn_client_node/flapusp/accel", 10000);
                                             [01;36m[K^~~~~~~~~~~~[m[K
                                             [32m[KPoseStamped[m[K
[01m[K/home/jasper/flap_ws/src/controller/src/bird_data_compiler_2.cpp:75:57:[m[K [01;31m[Kerror: [m[Ktemplate argument 1 is invalid
  message_filters::Subscriber<geometry_msgs::AccelStamped[01;31m[K>[m[K sub_vicon_accel(nh, "/vrpn_client_node/flapusp/accel", 10000);
                                                         [01;31m[K^[m[K
[01m[K/home/jasper/flap_ws/src/controller/src/bird_data_compiler_2.cpp:75:119:[m[K [01;31m[Kerror: [m[Kexpression list treated as compound expression in initializer [[01;31m[K-fpermissive[m[K]
  message_filters::Subscriber<geometry_msgs::AccelStamped> sub_vicon_accel(nh, "/vrpn_client_node/flapusp/accel", 10000[01;31m[K)[m[K;
                                                                                                                       [01;31m[K^[m[K
[01m[K/home/jasper/flap_ws/src/controller/src/bird_data_compiler_2.cpp:78:113:[m[K [01;31m[Kerror: [m[K‘[01m[KAccelStamped[m[K’ is not a member of ‘[01m[Kgeometry_msgs[m[K’
  typedef sync_policies::ApproximateTime<geometry_msgs::PoseStamped, geometry_msgs::TwistStamped, geometry_msgs::[01;31m[KAccelStamped[m[K, custommsg::ppmchnls> MySyncPolicy;
                                                                                                                 [01;31m[K^~~~~~~~~~~~[m[K
[01m[K/home/jasper/flap_ws/src/controller/src/bird_data_compiler_2.cpp:78:113:[m[K [01;36m[Knote: [m[Ksuggested alternative: ‘[01m[KPoseStamped[m[K’
  typedef sync_policies::ApproximateTime<geometry_msgs::PoseStamped, geometry_msgs::TwistStamped, geometry_msgs::[01;36m[KAccelStamped[m[K, custommsg::ppmchnls> MySyncPolicy;
                                                                                                                 [01;36m[K^~~~~~~~~~~~[m[K
                                                                                                                 [32m[KPoseStamped[m[K
[01m[K/home/jasper/flap_ws/src/controller/src/bird_data_compiler_2.cpp:78:113:[m[K [01;31m[Kerror: [m[K‘[01m[KAccelStamped[m[K’ is not a member of ‘[01m[Kgeometry_msgs[m[K’
[01m[K/home/jasper/flap_ws/src/controller/src/bird_data_compiler_2.cpp:78:113:[m[K [01;36m[Knote: [m[Ksuggested alternative: ‘[01m[KPoseStamped[m[K’
  typedef sync_policies::ApproximateTime<geometry_msgs::PoseStamped, geometry_msgs::TwistStamped, geometry_msgs::[01;36m[KAccelStamped[m[K, custommsg::ppmchnls> MySyncPolicy;
                                                                                                                 [01;36m[K^~~~~~~~~~~~[m[K
                                                                                                                 [32m[KPoseStamped[m[K
[01m[K/home/jasper/flap_ws/src/controller/src/bird_data_compiler_2.cpp:78:146:[m[K [01;31m[Kerror: [m[Ktemplate argument 3 is invalid
  typedef sync_policies::ApproximateTime<geometry_msgs::PoseStamped, geometry_msgs::TwistStamped, geometry_msgs::AccelStamped, custommsg::ppmchnls[01;31m[K>[m[K MySyncPolicy;
                                                                                                                                                  [01;31m[K^[m[K
In file included from [01m[K/opt/ros/melodic/include/message_filters/time_synchronizer.h:38:0[m[K,
                 from [01m[K/home/jasper/flap_ws/src/controller/src/bird_data_compiler_2.cpp:3[m[K:
/opt/ros/melodic/include/message_filters/synchronizer.h: In instantiation of ‘[01m[Kclass message_filters::Synchronizer<int>[m[K’:
[01m[K/home/jasper/flap_ws/src/controller/src/bird_data_compiler_2.cpp:80:46:[m[K   required from here
[01m[K/opt/ros/melodic/include/message_filters/synchronizer.h:68:7:[m[K [01;31m[Kerror: [m[Kbase type ‘[01m[Kint[m[K’ fails to be a struct or class type
 class [01;31m[KSynchronizer[m[K : public boost::noncopyable, public Policy
       [01;31m[K^~~~~~~~~~~~[m[K
[01m[K/opt/ros/melodic/include/message_filters/synchronizer.h:71:37:[m[K [01;31m[Kerror: [m[K‘[01m[Kint[m[K’ is not a class, struct, or union type
   typedef typename Policy::Messages [01;31m[KMessages[m[K;
                                     [01;31m[K^~~~~~~~[m[K
[01m[K/opt/ros/melodic/include/message_filters/synchronizer.h:72:35:[m[K [01;31m[Kerror: [m[K‘[01m[Kint[m[K’ is not a class, struct, or union type
   typedef typename Policy::Events [01;31m[KEvents[m[K;
                                   [01;31m[K^~~~~~[m[K
[01m[K/opt/ros/melodic/include/message_filters/synchronizer.h:73:35:[m[K [01;31m[Kerror: [m[K‘[01m[Kint[m[K’ is not a class, struct, or union type
   typedef typename Policy::Signal [01;31m[KSignal[m[K;
                                   [01;31m[K^~~~~~[m[K
[01m[K/opt/ros/melodic/include/message_filters/synchronizer.h:74:49:[m[K [01;31m[Kerror: [m[K‘[01m[Kint[m[K’ is not a class, struct, or union type
   typedef typename mpl::at_c<Messages, 0>::type [01;31m[KM0[m[K;
                                                 [01;31m[K^~[m[K
[01m[K/opt/ros/melodic/include/message_filters/synchronizer.h:75:49:[m[K [01;31m[Kerror: [m[K‘[01m[Kint[m[K’ is not a class, struct, or union type
   typedef typename mpl::at_c<Messages, 1>::type [01;31m[KM1[m[K;
                                                 [01;31m[K^~[m[K
[01m[K/opt/ros/melodic/include/message_filters/synchronizer.h:76:49:[m[K [01;31m[Kerror: [m[K‘[01m[Kint[m[K’ is not a class, struct, or union type
   typedef typename mpl::at_c<Messages, 2>::type [01;31m[KM2[m[K;
                                                 [01;31m[K^~[m[K
[01m[K/opt/ros/melodic/include/message_filters/synchronizer.h:77:49:[m[K [01;31m[Kerror: [m[K‘[01m[Kint[m[K’ is not a class, struct, or union type
   typedef typename mpl::at_c<Messages, 3>::type [01;31m[KM3[m[K;
                                                 [01;31m[K^~[m[K
[01m[K/opt/ros/melodic/include/message_filters/synchronizer.h:78:49:[m[K [01;31m[Kerror: [m[K‘[01m[Kint[m[K’ is not a class, struct, or union type
   typedef typename mpl::at_c<Messages, 4>::type [01;31m[KM4[m[K;
                                                 [01;31m[K^~[m[K
[01m[K/opt/ros/melodic/include/message_filters/synchronizer.h:79:49:[m[K [01;31m[Kerror: [m[K‘[01m[Kint[m[K’ is not a class, struct, or union type
   typedef typename mpl::at_c<Messages, 5>::type [01;31m[KM5[m[K;
                                                 [01;31m[K^~[m[K
[01m[K/opt/ros/melodic/include/message_filters/synchronizer.h:80:49:[m[K [01;31m[Kerror: [m[K‘[01m[Kint[m[K’ is not a class, struct, or union type
   typedef typename mpl::at_c<Messages, 6>::type [01;31m[KM6[m[K;
                                                 [01;31m[K^~[m[K
[01m[K/opt/ros/melodic/include/message_filters/synchronizer.h:81:49:[m[K [01;31m[Kerror: [m[K‘[01m[Kint[m[K’ is not a class, struct, or union type
   typedef typename mpl::at_c<Messages, 7>::type [01;31m[KM7[m[K;
                                                 [01;31m[K^~[m[K
[01m[K/opt/ros/melodic/include/message_filters/synchronizer.h:82:49:[m[K [01;31m[Kerror: [m[K‘[01m[Kint[m[K’ is not a class, struct, or union type
   typedef typename mpl::at_c<Messages, 8>::type [01;31m[KM8[m[K;
                                                 [01;31m[K^~[m[K
[01m[K/opt/ros/melodic/include/message_filters/synchronizer.h:83:47:[m[K [01;31m[Kerror: [m[K‘[01m[Kint[m[K’ is not a class, struct, or union type
   typedef typename mpl::at_c<Events, 0>::type [01;31m[KM0Event[m[K;
                                               [01;31m[K^~~~~~~[m[K
[01m[K/opt/ros/melodic/include/message_filters/synchronizer.h:84:47:[m[K [01;31m[Kerror: [m[K‘[01m[Kint[m[K’ is not a class, struct, or union type
   typedef typename mpl::at_c<Events, 1>::type [01;31m[KM1Event[m[K;
                                               [01;31m[K^~~~~~~[m[K
[01m[K/opt/ros/melodic/include/message_filters/synchronizer.h:85:47:[m[K [01;31m[Kerror: [m[K‘[01m[Kint[m[K’ is not a class, struct, or union type
   typedef typename mpl::at_c<Events, 2>::type [01;31m[KM2Event[m[K;
                                               [01;31m[K^~~~~~~[m[K
[01m[K/opt/ros/melodic/include/message_filters/synchronizer.h:86:47:[m[K [01;31m[Kerror: [m[K‘[01m[Kint[m[K’ is not a class, struct, or union type
   typedef typename mpl::at_c<Events, 3>::type [01;31m[KM3Event[m[K;
                                               [01;31m[K^~~~~~~[m[K
[01m[K/opt/ros/melodic/include/message_filters/synchronizer.h:87:47:[m[K [01;31m[Kerror: [m[K‘[01m[Kint[m[K’ is not a class, struct, or union type
   typedef typename mpl::at_c<Events, 4>::type [01;31m[KM4Event[m[K;
                                               [01;31m[K^~~~~~~[m[K
[01m[K/opt/ros/melodic/include/message_filters/synchronizer.h:88:47:[m[K [01;31m[Kerror: [m[K‘[01m[Kint[m[K’ is not a class, struct, or union type
   typedef typename mpl::at_c<Events, 5>::type [01;31m[KM5Event[m[K;
                                               [01;31m[K^~~~~~~[m[K
[01m[K/opt/ros/melodic/include/message_filters/synchronizer.h:89:47:[m[K [01;31m[Kerror: [m[K‘[01m[Kint[m[K’ is not a class, struct, or union type
   typedef typename mpl::at_c<Events, 6>::type [01;31m[KM6Event[m[K;
                                               [01;31m[K^~~~~~~[m[K
[01m[K/opt/ros/melodic/include/message_filters/synchronizer.h:90:47:[m[K [01;31m[Kerror: [m[K‘[01m[Kint[m[K’ is not a class, struct, or union type
   typedef typename mpl::at_c<Events, 7>::type [01;31m[KM7Event[m[K;
                                               [01;31m[K^~~~~~~[m[K
[01m[K/opt/ros/melodic/include/message_filters/synchronizer.h:91:47:[m[K [01;31m[Kerror: [m[K‘[01m[Kint[m[K’ is not a class, struct, or union type
   typedef typename mpl::at_c<Events, 8>::type [01;31m[KM8Event[m[K;
                                               [01;31m[K^~~~~~~[m[K
In file included from [01m[K/opt/ros/melodic/include/message_filters/time_synchronizer.h:38:0[m[K,
                 from [01m[K/home/jasper/flap_ws/src/controller/src/bird_data_compiler_2.cpp:3[m[K:
[01m[K/opt/ros/melodic/include/message_filters/synchronizer.h:337:17:[m[K [01;31m[Kerror: [m[Ktype ‘[01m[Kint[m[K’ is not a base type for type ‘[01m[Kmessage_filters::Synchronizer<int>[m[K’
   using Policy::[01;31m[Kadd[m[K;
                 [01;31m[K^~~[m[K
[01m[K/opt/ros/melodic/include/message_filters/synchronizer.h:340:8:[m[K [01;31m[Kerror: [m[K‘[01m[Kint[m[K’ is not a class, struct, or union type
   void [01;31m[Kadd[m[K(const boost::shared_ptr<typename mpl::at_c<Messages, i>::type const>& msg)
        [01;31m[K^~~[m[K
[01m[K/opt/ros/melodic/include/message_filters/synchronizer.h:356:8:[m[K [01;31m[Kerror: [m[K‘[01m[Kint[m[K’ is not a class, struct, or union type
   void [01;31m[Kcb[m[K(const typename mpl::at_c<Events, i>::type& evt)
        [01;31m[K^~[m[K
In file included from [01m[K/usr/include/boost/bind.hpp:22:0[m[K,
                 from [01m[K/opt/ros/melodic/include/ros/publisher.h:35[m[K,
                 from [01m[K/opt/ros/melodic/include/ros/node_handle.h:32[m[K,
                 from [01m[K/opt/ros/melodic/include/ros/ros.h:45[m[K,
                 from [01m[K/home/jasper/flap_ws/src/controller/src/bird_data_compiler_2.cpp:1[m[K:
/usr/include/boost/bind/bind.hpp: In instantiation of ‘[01m[Kstruct boost::_bi::result_traits<boost::_bi::unspecified, void (*)(...)>[m[K’:
[01m[K/usr/include/boost/bind/bind.hpp:1284:48:[m[K   required from ‘[01m[Kclass boost::_bi::bind_t<boost::_bi::unspecified, void (*)(...), boost::_bi::list4<boost::arg<1>, boost::arg<2>, boost::arg<3>, boost::arg<4> > >[m[K’
[01m[K/home/jasper/flap_ws/src/controller/src/bird_data_compiler_2.cpp:81:61:[m[K   required from here
[01m[K/usr/include/boost/bind/bind.hpp:75:37:[m[K [01;31m[Kerror: [m[K‘[01m[Kvoid (*)(...)[m[K’ is not a class, struct, or union type
     typedef typename F::result_type [01;31m[Ktype[m[K;
                                     [01;31m[K^~~~[m[K
In file included from [01m[K/opt/ros/melodic/include/message_filters/time_synchronizer.h:38:0[m[K,
                 from [01m[K/home/jasper/flap_ws/src/controller/src/bird_data_compiler_2.cpp:3[m[K:
/opt/ros/melodic/include/message_filters/synchronizer.h: In instantiation of ‘[01m[Kmessage_filters::Synchronizer<Policy>::Synchronizer(const Policy&, F0&, F1&, F2&, F3&) [with F0 = message_filters::Subscriber<geometry_msgs::PoseStamped_<std::allocator<void> > >; F1 = message_filters::Subscriber<geometry_msgs::TwistStamped_<std::allocator<void> > >; F2 = int; F3 = message_filters::Subscriber<custommsg::ppmchnls_<std::allocator<void> > >; Policy = int][m[K’:
[01m[K/home/jasper/flap_ws/src/controller/src/bird_data_compiler_2.cpp:80:113:[m[K   required from here
[01m[K/opt/ros/melodic/include/message_filters/synchronizer.h:174:18:[m[K [01;31m[Kerror: [m[Ktype ‘[01m[Kint[m[K’ is not a direct base of ‘[01m[Kmessage_filters::Synchronizer<int>[m[K’
   : Policy(policy[01;31m[K)[m[K
                  [01;31m[K^[m[K
In file included from [01m[K/opt/ros/melodic/include/message_filters/time_synchronizer.h:38:0[m[K,
                 from [01m[K/home/jasper/flap_ws/src/controller/src/bird_data_compiler_2.cpp:3[m[K:
/opt/ros/melodic/include/message_filters/synchronizer.h: In instantiation of ‘[01m[Kmessage_filters::Connection message_filters::Synchronizer<Policy>::registerCallback(const C&) [with C = boost::_bi::bind_t<boost::_bi::unspecified, void (*)(...), boost::_bi::list4<boost::arg<1>, boost::arg<2>, boost::arg<3>, boost::arg<4> > >; Policy = int][m[K’:
[01m[K/home/jasper/flap_ws/src/controller/src/bird_data_compiler_2.cpp:81:62:[m[K   required from here
[01m[K/opt/ros/melodic/include/message_filters/synchronizer.h:310:12:[m[K [01;31m[Kerror: [m[Kusing invalid field ‘[01m[Kmessage_filters::Synchronizer<Policy>::signal_[m[K’
     return [01;31m[Ksignal_[m[K.addCallback(callback);
            [01;31m[K^~~~~~~[m[K
CMakeFiles/bird_data_compiler.dir/build.make:62: recipe for target 'CMakeFiles/bird_data_compiler.dir/src/bird_data_compiler_2.cpp.o' failed
make[2]: *** [CMakeFiles/bird_data_compiler.dir/src/bird_data_compiler_2.cpp.o] Error 1
make[1]: *** [CMakeFiles/bird_data_compiler.dir/all] Error 2
CMakeFiles/Makefile2:86: recipe for target 'CMakeFiles/bird_data_compiler.dir/all' failed
Makefile:140: recipe for target 'all' failed
make: *** [all] Error 2
