[  0%] Built target std_msgs_generate_messages_eus
[  0%] Built target custommsg_generate_messages_py
[  0%] Built target custommsg_generate_messages_nodejs
[  0%] Built target custommsg_generate_messages_eus
[  0%] Built target custommsg_generate_messages_cpp
[  0%] Built target std_msgs_generate_messages_nodejs
[  0%] Built target std_msgs_generate_messages_lisp
[  0%] Built target roscpp_generate_messages_lisp
[  0%] Built target roscpp_generate_messages_eus
[  0%] Built target std_msgs_generate_messages_py
[  0%] Built target roscpp_generate_messages_cpp
[  0%] Built target std_msgs_generate_messages_cpp
[  0%] Built target rosgraph_msgs_generate_messages_py
[  0%] Built target rosgraph_msgs_generate_messages_nodejs
[  0%] Built target roscpp_generate_messages_py
[  0%] Built target rosgraph_msgs_generate_messages_cpp
[  0%] Built target roscpp_generate_messages_nodejs
[  0%] Built target custommsg_generate_messages_lisp
[  0%] Built target rosgraph_msgs_generate_messages_eus
[  0%] Built target rosgraph_msgs_generate_messages_lisp
[35m[1mScanning dependencies of target bird_data_compiler[0m
[ 25%] [32mBuilding CXX object CMakeFiles/bird_data_compiler.dir/src/bird_data_compiler_2.cpp.o[0m
[ 75%] Built target arduino1970
[01m[K/home/jasper/flap_ws/src/controller/src/bird_data_compiler_2.cpp:[m[K In function ‘[01m[Kvoid callback(const ConstPtr&, const ConstPtr&, const ConstPtr&, const ConstPtr&)[m[K’:
[01m[K/home/jasper/flap_ws/src/controller/src/bird_data_compiler_2.cpp:57:10:[m[K [01;31m[Kerror: [m[K‘[01m[Kconst struct geometry_msgs::TwistStamped_<std::allocator<void> >[m[K’ has no member named ‘[01m[Kaccel[m[K’
 << msg3->[01;31m[Kaccel[m[K.linear.x << "," << msg3->accel.linear.y << "," << msg3->accel.linear.z << ","
          [01;31m[K^~~~~[m[K
[01m[K/home/jasper/flap_ws/src/controller/src/bird_data_compiler_2.cpp:57:41:[m[K [01;31m[Kerror: [m[K‘[01m[Kconst struct geometry_msgs::TwistStamped_<std::allocator<void> >[m[K’ has no member named ‘[01m[Kaccel[m[K’
 << msg3->accel.linear.x << "," << msg3->[01;31m[Kaccel[m[K.linear.y << "," << msg3->accel.linear.z << ","
                                         [01;31m[K^~~~~[m[K
[01m[K/home/jasper/flap_ws/src/controller/src/bird_data_compiler_2.cpp:57:72:[m[K [01;31m[Kerror: [m[K‘[01m[Kconst struct geometry_msgs::TwistStamped_<std::allocator<void> >[m[K’ has no member named ‘[01m[Kaccel[m[K’
 << msg3->accel.linear.x << "," << msg3->accel.linear.y << "," << msg3->[01;31m[Kaccel[m[K.linear.z << ","
                                                                        [01;31m[K^~~~~[m[K
[01m[K/home/jasper/flap_ws/src/controller/src/bird_data_compiler_2.cpp:59:10:[m[K [01;31m[Kerror: [m[K‘[01m[Kconst struct geometry_msgs::TwistStamped_<std::allocator<void> >[m[K’ has no member named ‘[01m[Kaccel[m[K’
 << msg3->[01;31m[Kaccel[m[K.angular.x << "," << msg3->accel.angular.y << ","<< msg3->accel.angular.z << ","
          [01;31m[K^~~~~[m[K
[01m[K/home/jasper/flap_ws/src/controller/src/bird_data_compiler_2.cpp:59:42:[m[K [01;31m[Kerror: [m[K‘[01m[Kconst struct geometry_msgs::TwistStamped_<std::allocator<void> >[m[K’ has no member named ‘[01m[Kaccel[m[K’
 << msg3->accel.angular.x << "," << msg3->[01;31m[Kaccel[m[K.angular.y << ","<< msg3->accel.angular.z << ","
                                          [01;31m[K^~~~~[m[K
[01m[K/home/jasper/flap_ws/src/controller/src/bird_data_compiler_2.cpp:59:73:[m[K [01;31m[Kerror: [m[K‘[01m[Kconst struct geometry_msgs::TwistStamped_<std::allocator<void> >[m[K’ has no member named ‘[01m[Kaccel[m[K’
 << msg3->accel.angular.x << "," << msg3->accel.angular.y << ","<< msg3->[01;31m[Kaccel[m[K.angular.z << ","
                                                                         [01;31m[K^~~~~[m[K
CMakeFiles/bird_data_compiler.dir/build.make:62: recipe for target 'CMakeFiles/bird_data_compiler.dir/src/bird_data_compiler_2.cpp.o' failed
make[2]: *** [CMakeFiles/bird_data_compiler.dir/src/bird_data_compiler_2.cpp.o] Error 1
CMakeFiles/Makefile2:86: recipe for target 'CMakeFiles/bird_data_compiler.dir/all' failed
make[1]: *** [CMakeFiles/bird_data_compiler.dir/all] Error 2
Makefile:140: recipe for target 'all' failed
make: *** [all] Error 2
