[35m[1mScanning dependencies of target custommsg_generate_messages_nodejs[0m
[  0%] Built target custommsg_generate_messages_nodejs
[35m[1mScanning dependencies of target custommsg_generate_messages_eus[0m
[  0%] Built target custommsg_generate_messages_eus
[35m[1mScanning dependencies of target custommsg_generate_messages_cpp[0m
[  0%] Built target custommsg_generate_messages_cpp
[35m[1mScanning dependencies of target std_msgs_generate_messages_nodejs[0m
[  0%] Built target std_msgs_generate_messages_nodejs
[35m[1mScanning dependencies of target custommsg_generate_messages_lisp[0m
[  0%] Built target custommsg_generate_messages_lisp
[35m[1mScanning dependencies of target rosgraph_msgs_generate_messages_eus[0m
[  0%] Built target rosgraph_msgs_generate_messages_eus
[35m[1mScanning dependencies of target rosgraph_msgs_generate_messages_lisp[0m
[  0%] Built target rosgraph_msgs_generate_messages_lisp
[35m[1mScanning dependencies of target std_msgs_generate_messages_eus[0m
[  0%] Built target std_msgs_generate_messages_eus
[35m[1mScanning dependencies of target rosgraph_msgs_generate_messages_py[0m
[  0%] Built target rosgraph_msgs_generate_messages_py
[35m[1mScanning dependencies of target rosgraph_msgs_generate_messages_nodejs[0m
[  0%] Built target rosgraph_msgs_generate_messages_nodejs
[35m[1mScanning dependencies of target std_msgs_generate_messages_py[0m
[  0%] Built target std_msgs_generate_messages_py
[35m[1mScanning dependencies of target roscpp_generate_messages_nodejs[0m
[  0%] Built target roscpp_generate_messages_nodejs
[35m[1mScanning dependencies of target roscpp_generate_messages_py[0m
[  0%] Built target roscpp_generate_messages_py
[35m[1mScanning dependencies of target rosgraph_msgs_generate_messages_cpp[0m
[  0%] Built target rosgraph_msgs_generate_messages_cpp
[35m[1mScanning dependencies of target std_msgs_generate_messages_cpp[0m
[  0%] Built target std_msgs_generate_messages_cpp
[35m[1mScanning dependencies of target std_msgs_generate_messages_lisp[0m
[  0%] Built target std_msgs_generate_messages_lisp
[35m[1mScanning dependencies of target roscpp_generate_messages_cpp[0m
[  0%] Built target roscpp_generate_messages_cpp
[35m[1mScanning dependencies of target roscpp_generate_messages_lisp[0m
[  0%] Built target roscpp_generate_messages_lisp
[35m[1mScanning dependencies of target roscpp_generate_messages_eus[0m
[  0%] Built target roscpp_generate_messages_eus
[35m[1mScanning dependencies of target custommsg_generate_messages_py[0m
[  0%] Built target custommsg_generate_messages_py
[35m[1mScanning dependencies of target bird_data_compiler[0m
[35m[1mScanning dependencies of target arduino1970[0m
[ 25%] [32mBuilding CXX object CMakeFiles/bird_data_compiler.dir/src/bird_data_compiler_2.cpp.o[0m
[ 50%] [32mBuilding CXX object CMakeFiles/arduino1970.dir/src/arduino1970.cpp.o[0m
[ 75%] [32m[1mLinking CXX executable /home/jasper/flap_ws/devel/.private/controller/lib/controller/arduino1970[0m
[ 75%] Built target arduino1970
[100%] [32m[1mLinking CXX executable /home/jasper/flap_ws/devel/.private/controller/lib/controller/bird_data_compiler[0m
[100%] Built target bird_data_compiler
