[01m[K/home/jasper/flap_ws/src/controller/src/bird_data_compiler_2.cpp:[m[K In function ‘[01m[Kvoid callback(const ConstPtr&, const ConstPtr&, const ConstPtr&, const ConstPtr&)[m[K’:
[01m[K/home/jasper/flap_ws/src/controller/src/bird_data_compiler_2.cpp:57:10:[m[K [01;31m[Kerror: [m[K‘[01m[Kconst struct geometry_msgs::TwistStamped_<std::allocator<void> >[m[K’ has no member named ‘[01m[Kaccel[m[K’
 << msg3->[01;31m[Kaccel[m[K.linear.x << "," << msg3->accel.linear.y << "," << msg3->accel.linear.z << ","
          [01;31m[K^~~~~[m[K
[01m[K/home/jasper/flap_ws/src/controller/src/bird_data_compiler_2.cpp:57:41:[m[K [01;31m[Kerror: [m[K‘[01m[Kconst struct geometry_msgs::TwistStamped_<std::allocator<void> >[m[K’ has no member named ‘[01m[Kaccel[m[K’
 << msg3->accel.linear.x << "," << msg3->[01;31m[Kaccel[m[K.linear.y << "," << msg3->accel.linear.z << ","
                                         [01;31m[K^~~~~[m[K
[01m[K/home/jasper/flap_ws/src/controller/src/bird_data_compiler_2.cpp:57:72:[m[K [01;31m[Kerror: [m[K‘[01m[Kconst struct geometry_msgs::TwistStamped_<std::allocator<void> >[m[K’ has no member named ‘[01m[Kaccel[m[K’
 << msg3->accel.linear.x << "," << msg3->accel.linear.y << "," << msg3->[01;31m[Kaccel[m[K.linear.z << ","
                                                                        [01;31m[K^~~~~[m[K
[01m[K/home/jasper/flap_ws/src/controller/src/bird_data_compiler_2.cpp:59:10:[m[K [01;31m[Kerror: [m[K‘[01m[Kconst struct geometry_msgs::TwistStamped_<std::allocator<void> >[m[K’ has no member named ‘[01m[Kaccel[m[K’
 << msg3->[01;31m[Kaccel[m[K.angular.x << "," << msg3->accel.angular.y << ","<< msg3->accel.angular.z << ","
          [01;31m[K^~~~~[m[K
[01m[K/home/jasper/flap_ws/src/controller/src/bird_data_compiler_2.cpp:59:42:[m[K [01;31m[Kerror: [m[K‘[01m[Kconst struct geometry_msgs::TwistStamped_<std::allocator<void> >[m[K’ has no member named ‘[01m[Kaccel[m[K’
 << msg3->accel.angular.x << "," << msg3->[01;31m[Kaccel[m[K.angular.y << ","<< msg3->accel.angular.z << ","
                                          [01;31m[K^~~~~[m[K
[01m[K/home/jasper/flap_ws/src/controller/src/bird_data_compiler_2.cpp:59:73:[m[K [01;31m[Kerror: [m[K‘[01m[Kconst struct geometry_msgs::TwistStamped_<std::allocator<void> >[m[K’ has no member named ‘[01m[Kaccel[m[K’
 << msg3->accel.angular.x << "," << msg3->accel.angular.y << ","<< msg3->[01;31m[Kaccel[m[K.angular.z << ","
                                                                         [01;31m[K^~~~~[m[K
make[2]: *** [CMakeFiles/bird_data_compiler.dir/src/bird_data_compiler_2.cpp.o] Error 1
make[1]: *** [CMakeFiles/bird_data_compiler.dir/all] Error 2
make: *** [all] Error 2
