[35m[1mScanning dependencies of target _rosserial_mbed_generate_messages_check_deps_Test[0m
[35m[1mScanning dependencies of target _rosserial_mbed_generate_messages_check_deps_Adc[0m
[  0%] Built target _rosserial_mbed_generate_messages_check_deps_Test
[  0%] Built target _rosserial_mbed_generate_messages_check_deps_Adc
[35m[1mScanning dependencies of target rosserial_mbed_generate_messages_py[0m
[35m[1mScanning dependencies of target rosserial_mbed_generate_messages_nodejs[0m
[  7%] [34m[1mGenerating Python from MSG rosserial_mbed/Adc[0m
[ 15%] [34m[1mGenerating Javascript code from rosserial_mbed/Adc.msg[0m
[ 23%] [34m[1mGenerating Javascript code from rosserial_mbed/Test.srv[0m
[ 23%] Built target rosserial_mbed_generate_messages_nodejs
[35m[1mScanning dependencies of target rosserial_mbed_generate_messages_eus[0m
[ 30%] [34m[1mGenerating EusLisp code from rosserial_mbed/Adc.msg[0m
[ 38%] [34m[1mGenerating Python code from SRV rosserial_mbed/Test[0m
[ 46%] [34m[1mGenerating EusLisp code from rosserial_mbed/Test.srv[0m
[ 53%] [34m[1mGenerating EusLisp manifest code for rosserial_mbed[0m
[ 61%] [34m[1mGenerating Python msg __init__.py for rosserial_mbed[0m
[ 69%] [34m[1mGenerating Python srv __init__.py for rosserial_mbed[0m
[ 69%] Built target rosserial_mbed_generate_messages_py
[35m[1mScanning dependencies of target rosserial_mbed_generate_messages_lisp[0m
[ 76%] [34m[1mGenerating Lisp code from rosserial_mbed/Adc.msg[0m
[ 84%] [34m[1mGenerating Lisp code from rosserial_mbed/Test.srv[0m
[35m[1mScanning dependencies of target rosserial_mbed_generate_messages_cpp[0m
[ 84%] Built target rosserial_mbed_generate_messages_lisp
[ 92%] [34m[1mGenerating C++ code from rosserial_mbed/Adc.msg[0m
[100%] [34m[1mGenerating C++ code from rosserial_mbed/Test.srv[0m
[100%] Built target rosserial_mbed_generate_messages_cpp
[100%] Built target rosserial_mbed_generate_messages_eus
[35m[1mScanning dependencies of target rosserial_mbed_generate_messages[0m
[100%] Built target rosserial_mbed_generate_messages
