Determining if the pthread_create exist failed with the following output:
Change Dir: /home/jasper/flap_ws/build/rosserial_server/CMakeFiles/CMakeTmp

Run Build Command:"/usr/bin/make" "cmTC_a1fc4/fast"
/usr/bin/make -f CMakeFiles/cmTC_a1fc4.dir/build.make CMakeFiles/cmTC_a1fc4.dir/build
make[1]: Entering directory '/home/jasper/flap_ws/build/rosserial_server/CMakeFiles/CMakeTmp'
Building C object CMakeFiles/cmTC_a1fc4.dir/CheckSymbolExists.c.o
/usr/bin/cc    -o CMakeFiles/cmTC_a1fc4.dir/CheckSymbolExists.c.o   -c /home/jasper/flap_ws/build/rosserial_server/CMakeFiles/CMakeTmp/CheckSymbolExists.c
Linking C executable cmTC_a1fc4
/usr/bin/cmake -E cmake_link_script CMakeFiles/cmTC_a1fc4.dir/link.txt --verbose=1
/usr/bin/cc      -rdynamic CMakeFiles/cmTC_a1fc4.dir/CheckSymbolExists.c.o  -o cmTC_a1fc4 
CMakeFiles/cmTC_a1fc4.dir/CheckSymbolExists.c.o: In function `main':
CheckSymbolExists.c:(.text+0x1b): undefined reference to `pthread_create'
collect2: error: ld returned 1 exit status
CMakeFiles/cmTC_a1fc4.dir/build.make:97: recipe for target 'cmTC_a1fc4' failed
make[1]: *** [cmTC_a1fc4] Error 1
make[1]: Leaving directory '/home/jasper/flap_ws/build/rosserial_server/CMakeFiles/CMakeTmp'
Makefile:126: recipe for target 'cmTC_a1fc4/fast' failed
make: *** [cmTC_a1fc4/fast] Error 2

File /home/jasper/flap_ws/build/rosserial_server/CMakeFiles/CMakeTmp/CheckSymbolExists.c:
/* */
#include <pthread.h>

int main(int argc, char** argv)
{
  (void)argv;
#ifndef pthread_create
  return ((int*)(&pthread_create))[argc];
#else
  (void)argc;
  return 0;
#endif
}

Determining if the function pthread_create exists in the pthreads failed with the following output:
Change Dir: /home/jasper/flap_ws/build/rosserial_server/CMakeFiles/CMakeTmp

Run Build Command:"/usr/bin/make" "cmTC_1f7af/fast"
/usr/bin/make -f CMakeFiles/cmTC_1f7af.dir/build.make CMakeFiles/cmTC_1f7af.dir/build
make[1]: Entering directory '/home/jasper/flap_ws/build/rosserial_server/CMakeFiles/CMakeTmp'
Building C object CMakeFiles/cmTC_1f7af.dir/CheckFunctionExists.c.o
/usr/bin/cc   -DCHECK_FUNCTION_EXISTS=pthread_create   -o CMakeFiles/cmTC_1f7af.dir/CheckFunctionExists.c.o   -c /usr/share/cmake-3.10/Modules/CheckFunctionExists.c
Linking C executable cmTC_1f7af
/usr/bin/cmake -E cmake_link_script CMakeFiles/cmTC_1f7af.dir/link.txt --verbose=1
/usr/bin/cc  -DCHECK_FUNCTION_EXISTS=pthread_create    -rdynamic CMakeFiles/cmTC_1f7af.dir/CheckFunctionExists.c.o  -o cmTC_1f7af -lpthreads 
/usr/bin/ld: cannot find -lpthreads
collect2: error: ld returned 1 exit status
CMakeFiles/cmTC_1f7af.dir/build.make:97: recipe for target 'cmTC_1f7af' failed
make[1]: *** [cmTC_1f7af] Error 1
make[1]: Leaving directory '/home/jasper/flap_ws/build/rosserial_server/CMakeFiles/CMakeTmp'
Makefile:126: recipe for target 'cmTC_1f7af/fast' failed
make: *** [cmTC_1f7af/fast] Error 2


