Determining if the pthread_create exist failed with the following output:
Change Dir: /home/arijitnoobstar/Flapping-Wing-MAV/build/controller/CMakeFiles/CMakeTmp

Run Build Command:"/usr/bin/make" "cmTC_cdb1a/fast"
/usr/bin/make -f CMakeFiles/cmTC_cdb1a.dir/build.make CMakeFiles/cmTC_cdb1a.dir/build
make[1]: Entering directory '/home/arijitnoobstar/Flapping-Wing-MAV/build/controller/CMakeFiles/CMakeTmp'
Building C object CMakeFiles/cmTC_cdb1a.dir/CheckSymbolExists.c.o
/usr/bin/cc    -o CMakeFiles/cmTC_cdb1a.dir/CheckSymbolExists.c.o   -c /home/arijitnoobstar/Flapping-Wing-MAV/build/controller/CMakeFiles/CMakeTmp/CheckSymbolExists.c
Linking C executable cmTC_cdb1a
/usr/bin/cmake -E cmake_link_script CMakeFiles/cmTC_cdb1a.dir/link.txt --verbose=1
/usr/bin/cc      -rdynamic CMakeFiles/cmTC_cdb1a.dir/CheckSymbolExists.c.o  -o cmTC_cdb1a 
CMakeFiles/cmTC_cdb1a.dir/CheckSymbolExists.c.o: In function `main':
CheckSymbolExists.c:(.text+0x1b): undefined reference to `pthread_create'
collect2: error: ld returned 1 exit status
CMakeFiles/cmTC_cdb1a.dir/build.make:97: recipe for target 'cmTC_cdb1a' failed
make[1]: *** [cmTC_cdb1a] Error 1
make[1]: Leaving directory '/home/arijitnoobstar/Flapping-Wing-MAV/build/controller/CMakeFiles/CMakeTmp'
Makefile:126: recipe for target 'cmTC_cdb1a/fast' failed
make: *** [cmTC_cdb1a/fast] Error 2

File /home/arijitnoobstar/Flapping-Wing-MAV/build/controller/CMakeFiles/CMakeTmp/CheckSymbolExists.c:
/* */
#include <pthread.h>

int main(int argc, char** argv)
{
  (void)argv;
#ifndef pthread_create
  return ((int*)(&pthread_create))[argc];
#else
  (void)argc;
  return 0;
#endif
}

Determining if the function pthread_create exists in the pthreads failed with the following output:
Change Dir: /home/arijitnoobstar/Flapping-Wing-MAV/build/controller/CMakeFiles/CMakeTmp

Run Build Command:"/usr/bin/make" "cmTC_6f621/fast"
/usr/bin/make -f CMakeFiles/cmTC_6f621.dir/build.make CMakeFiles/cmTC_6f621.dir/build
make[1]: Entering directory '/home/arijitnoobstar/Flapping-Wing-MAV/build/controller/CMakeFiles/CMakeTmp'
Building C object CMakeFiles/cmTC_6f621.dir/CheckFunctionExists.c.o
/usr/bin/cc   -DCHECK_FUNCTION_EXISTS=pthread_create   -o CMakeFiles/cmTC_6f621.dir/CheckFunctionExists.c.o   -c /usr/share/cmake-3.10/Modules/CheckFunctionExists.c
Linking C executable cmTC_6f621
/usr/bin/cmake -E cmake_link_script CMakeFiles/cmTC_6f621.dir/link.txt --verbose=1
/usr/bin/cc  -DCHECK_FUNCTION_EXISTS=pthread_create    -rdynamic CMakeFiles/cmTC_6f621.dir/CheckFunctionExists.c.o  -o cmTC_6f621 -lpthreads 
/usr/bin/ld: cannot find -lpthreads
collect2: error: ld returned 1 exit status
CMakeFiles/cmTC_6f621.dir/build.make:97: recipe for target 'cmTC_6f621' failed
make[1]: *** [cmTC_6f621] Error 1
make[1]: Leaving directory '/home/arijitnoobstar/Flapping-Wing-MAV/build/controller/CMakeFiles/CMakeTmp'
Makefile:126: recipe for target 'cmTC_6f621/fast' failed
make: *** [cmTC_6f621/fast] Error 2


