Determining if the pthread_create exist failed with the following output:
Change Dir: /home/jasper/flap_ws/build/rosserial_msgs/CMakeFiles/CMakeTmp

Run Build Command:"/usr/bin/make" "cmTC_dee59/fast"
/usr/bin/make -f CMakeFiles/cmTC_dee59.dir/build.make CMakeFiles/cmTC_dee59.dir/build
make[1]: Entering directory '/home/jasper/flap_ws/build/rosserial_msgs/CMakeFiles/CMakeTmp'
Building C object CMakeFiles/cmTC_dee59.dir/CheckSymbolExists.c.o
/usr/bin/cc    -o CMakeFiles/cmTC_dee59.dir/CheckSymbolExists.c.o   -c /home/jasper/flap_ws/build/rosserial_msgs/CMakeFiles/CMakeTmp/CheckSymbolExists.c
Linking C executable cmTC_dee59
/usr/bin/cmake -E cmake_link_script CMakeFiles/cmTC_dee59.dir/link.txt --verbose=1
/usr/bin/cc      -rdynamic CMakeFiles/cmTC_dee59.dir/CheckSymbolExists.c.o  -o cmTC_dee59 
CMakeFiles/cmTC_dee59.dir/CheckSymbolExists.c.o: In function `main':
CheckSymbolExists.c:(.text+0x1b): undefined reference to `pthread_create'
collect2: error: ld returned 1 exit status
CMakeFiles/cmTC_dee59.dir/build.make:97: recipe for target 'cmTC_dee59' failed
make[1]: *** [cmTC_dee59] Error 1
make[1]: Leaving directory '/home/jasper/flap_ws/build/rosserial_msgs/CMakeFiles/CMakeTmp'
Makefile:126: recipe for target 'cmTC_dee59/fast' failed
make: *** [cmTC_dee59/fast] Error 2

File /home/jasper/flap_ws/build/rosserial_msgs/CMakeFiles/CMakeTmp/CheckSymbolExists.c:
/* */
#include <pthread.h>

int main(int argc, char** argv)
{
  (void)argv;
#ifndef pthread_create
  return ((int*)(&pthread_create))[argc];
#else
  (void)argc;
  return 0;
#endif
}

Determining if the function pthread_create exists in the pthreads failed with the following output:
Change Dir: /home/jasper/flap_ws/build/rosserial_msgs/CMakeFiles/CMakeTmp

Run Build Command:"/usr/bin/make" "cmTC_15c3b/fast"
/usr/bin/make -f CMakeFiles/cmTC_15c3b.dir/build.make CMakeFiles/cmTC_15c3b.dir/build
make[1]: Entering directory '/home/jasper/flap_ws/build/rosserial_msgs/CMakeFiles/CMakeTmp'
Building C object CMakeFiles/cmTC_15c3b.dir/CheckFunctionExists.c.o
/usr/bin/cc   -DCHECK_FUNCTION_EXISTS=pthread_create   -o CMakeFiles/cmTC_15c3b.dir/CheckFunctionExists.c.o   -c /usr/share/cmake-3.10/Modules/CheckFunctionExists.c
Linking C executable cmTC_15c3b
/usr/bin/cmake -E cmake_link_script CMakeFiles/cmTC_15c3b.dir/link.txt --verbose=1
/usr/bin/cc  -DCHECK_FUNCTION_EXISTS=pthread_create    -rdynamic CMakeFiles/cmTC_15c3b.dir/CheckFunctionExists.c.o  -o cmTC_15c3b -lpthreads 
/usr/bin/ld: cannot find -lpthreads
collect2: error: ld returned 1 exit status
CMakeFiles/cmTC_15c3b.dir/build.make:97: recipe for target 'cmTC_15c3b' failed
make[1]: *** [cmTC_15c3b] Error 1
make[1]: Leaving directory '/home/jasper/flap_ws/build/rosserial_msgs/CMakeFiles/CMakeTmp'
Makefile:126: recipe for target 'cmTC_15c3b/fast' failed
make: *** [cmTC_15c3b/fast] Error 2


