Symlinking /home/jasper/flap_ws/devel/share/common-lisp/ros/rosserial_arduino/srv/_package_Test.lisp
Symlinking /home/jasper/flap_ws/devel/share/common-lisp/ros/rosserial_arduino/srv/Test.lisp
Symlinking /home/jasper/flap_ws/devel/share/common-lisp/ros/rosserial_arduino/srv/rosserial_arduino-srv.asd
Symlinking /home/jasper/flap_ws/devel/share/common-lisp/ros/rosserial_arduino/srv/_package.lisp
Symlinking /home/jasper/flap_ws/devel/share/common-lisp/ros/rosserial_arduino/msg/Adc.lisp
Symlinking /home/jasper/flap_ws/devel/share/common-lisp/ros/rosserial_arduino/msg/_package_Adc.lisp
Symlinking /home/jasper/flap_ws/devel/share/common-lisp/ros/rosserial_arduino/msg/rosserial_arduino-msg.asd
Symlinking /home/jasper/flap_ws/devel/share/common-lisp/ros/rosserial_arduino/msg/_package.lisp
Symlinking /home/jasper/flap_ws/devel/share/roseus/ros/rosserial_arduino/manifest.l
Symlinking /home/jasper/flap_ws/devel/share/roseus/ros/rosserial_arduino/srv/Test.l
Symlinking /home/jasper/flap_ws/devel/share/roseus/ros/rosserial_arduino/msg/Adc.l
Symlinking /home/jasper/flap_ws/devel/share/gennodejs/ros/rosserial_arduino/_index.js
Symlinking /home/jasper/flap_ws/devel/share/gennodejs/ros/rosserial_arduino/srv/_index.js
Symlinking /home/jasper/flap_ws/devel/share/gennodejs/ros/rosserial_arduino/srv/Test.js
Symlinking /home/jasper/flap_ws/devel/share/gennodejs/ros/rosserial_arduino/msg/_index.js
Symlinking /home/jasper/flap_ws/devel/share/gennodejs/ros/rosserial_arduino/msg/Adc.js
Symlinking /home/jasper/flap_ws/devel/share/rosserial_arduino/cmake/rosserial_arduino-msg-paths.cmake
Symlinking /home/jasper/flap_ws/devel/share/rosserial_arduino/cmake/rosserial_arduinoConfig-version.cmake
Symlinking /home/jasper/flap_ws/devel/share/rosserial_arduino/cmake/rosserial_arduino-extras.cmake
Symlinking /home/jasper/flap_ws/devel/share/rosserial_arduino/cmake/rosserial_arduino-msg-extras.cmake
Symlinking /home/jasper/flap_ws/devel/share/rosserial_arduino/cmake/rosserial_arduinoConfig.cmake
Symlinking /home/jasper/flap_ws/devel/include/rosserial_arduino/TestRequest.h
Symlinking /home/jasper/flap_ws/devel/include/rosserial_arduino/Adc.h
Symlinking /home/jasper/flap_ws/devel/include/rosserial_arduino/TestResponse.h
Symlinking /home/jasper/flap_ws/devel/include/rosserial_arduino/Test.h
Symlinking /home/jasper/flap_ws/devel/lib/pkgconfig/rosserial_arduino.pc
Symlinking /home/jasper/flap_ws/devel/lib/python2.7/dist-packages/rosserial_arduino/__init__.py
Symlinking /home/jasper/flap_ws/devel/lib/python2.7/dist-packages/rosserial_arduino/srv/__init__.py
Symlinking /home/jasper/flap_ws/devel/lib/python2.7/dist-packages/rosserial_arduino/srv/_Test.py
Symlinking /home/jasper/flap_ws/devel/lib/python2.7/dist-packages/rosserial_arduino/msg/__init__.py
Symlinking /home/jasper/flap_ws/devel/lib/python2.7/dist-packages/rosserial_arduino/msg/_Adc.py
